#
# There is insufficient memory for the Java Runtime Environment to continue.
# Native memory allocation (malloc) failed to allocate 32744 bytes for ChunkPool::allocate
# Possible reasons:
#   The system is out of physical RAM or swap space
#   In 32 bit mode, the process size limit was hit
# Possible solutions:
#   Reduce memory load on the system
#   Increase physical memory or swap space
#   Check if swap backing store is full
#   Use 64 bit Java on a 64 bit OS
#   Decrease Java heap size (-Xmx/-Xms)
#   Decrease number of Java threads
#   Decrease Java thread stack sizes (-Xss)
#   Set larger code cache with -XX:ReservedCodeCacheSize=
# This output file may be truncated or incomplete.
#
#  Out of Memory Error (allocation.cpp:273), pid=1080, tid=3448
#
# JRE version: Java(TM) SE Runtime Environment (8.0_73-b02) (build 1.8.0_73-b02)
# Java VM: Java HotSpot(TM) 64-Bit Server VM (25.73-b02 mixed mode windows-amd64 compressed oops)
# Failed to write core dump. Minidumps are not enabled by default on client versions of Windows
#

---------------  T H R E A D  ---------------

Current thread (0x0000000017495800):  JavaThread "C2 CompilerThread0" daemon [_thread_in_native, id=3448, stack(0x0000000017a10000,0x0000000017b10000)]

Stack: [0x0000000017a10000,0x0000000017b10000]
[error occurred during error reporting (printing stack bounds), id 0xc0000005]

Native frames: (J=compiled Java code, j=interpreted, Vv=VM code, C=native code)


Current CompileTask:
C2:    889  521       4       java.util.BitSet::nextSetBit (102 bytes)


---------------  P R O C E S S  ---------------

Java Threads: ( => current thread )
  0x00000000174fa000 JavaThread "Service Thread" daemon [_thread_blocked, id=7492, stack(0x0000000017e10000,0x0000000017f10000)]
  0x00000000174f4800 JavaThread "C1 CompilerThread3" daemon [_thread_in_native, id=9976, stack(0x0000000017d10000,0x0000000017e10000)]
  0x00000000174f2000 JavaThread "C2 CompilerThread2" daemon [_thread_blocked, id=16772, stack(0x0000000017c10000,0x0000000017d10000)]
  0x00000000174e6000 JavaThread "C2 CompilerThread1" daemon [_thread_blocked, id=1244, stack(0x0000000017b10000,0x0000000017c10000)]
=>0x0000000017495800 JavaThread "C2 CompilerThread0" daemon [_thread_in_native, id=3448, stack(0x0000000017a10000,0x0000000017b10000)]
  0x0000000017493000 JavaThread "Attach Listener" daemon [_thread_blocked, id=4804, stack(0x0000000017910000,0x0000000017a10000)]
  0x0000000017447800 JavaThread "Signal Dispatcher" daemon [_thread_blocked, id=12160, stack(0x0000000017810000,0x0000000017910000)]
  0x0000000002923800 JavaThread "Finalizer" daemon [_thread_blocked, id=18540, stack(0x0000000017310000,0x0000000017410000)]
  0x000000001544d000 JavaThread "Reference Handler" daemon [_thread_blocked, id=11016, stack(0x0000000017210000,0x0000000017310000)]
  0x00000000023ce000 JavaThread "main" [_thread_in_Java, id=24924, stack(0x00000000023d0000,0x00000000024d0000)]

Other Threads:
  0x0000000015448800 VMThread [stack: 0x0000000017110000,0x0000000017210000] [id=21224]
  0x0000000017513000 WatcherThread [stack: 0x0000000017f10000,0x0000000018010000] [id=10252]

VM state:not at safepoint (normal execution)

VM Mutex/Monitor currently owned by a thread: None

Heap:
 PSYoungGen      total 37888K, used 10115K [0x00000000eab00000, 0x00000000ed500000, 0x0000000100000000)
  eden space 32768K, 30% used [0x00000000eab00000,0x00000000eb4e0e78,0x00000000ecb00000)
  from space 5120K, 0% used [0x00000000ed000000,0x00000000ed000000,0x00000000ed500000)
  to   space 5120K, 0% used [0x00000000ecb00000,0x00000000ecb00000,0x00000000ed000000)
 ParOldGen       total 86016K, used 0K [0x00000000c0000000, 0x00000000c5400000, 0x00000000eab00000)
  object space 86016K, 0% used [0x00000000c0000000,0x00000000c0000000,0x00000000c5400000)
 Metaspace       used 5197K, capacity 6448K, committed 6528K, reserved 1056768K
  class space    used 557K, capacity 616K, committed 640K, reserved 1048576K

Card table byte_map: [0x0000000011cf0000,0x0000000011f00000] byte_map_base: 0x00000000116f0000

Marking Bits: (ParMarkBitMap*) 0x0000000055cc0600
 Begin Bits: [0x0000000012860000, 0x0000000013860000)
 End Bits:   [0x0000000013860000, 0x0000000014860000)

Polling page: 0x0000000000730000

CodeCache: size=245760Kb used=2085Kb max_used=2097Kb free=243674Kb
 bounds [0x0000000002930000, 0x0000000002ba0000, 0x0000000011930000]
 total_blobs=778 nmethods=511 adapters=180
 compilation: enabled

Compilation events (10 events):
Event: 0.881 Thread 0x00000000174f4800 nmethod 508 0x0000000002b38290 code [0x0000000002b383e0, 0x0000000002b384f0]
Event: 0.881 Thread 0x00000000174f4800  510       3       com.android.dx.ssa.SsaBasicBlock::getCountPhiInsns (45 bytes)
Event: 0.882 Thread 0x00000000174f4800 nmethod 510 0x0000000002b38550 code [0x0000000002b38720, 0x0000000002b38e18]
Event: 0.882 Thread 0x00000000174f4800  507       3       com.android.dx.rop.code.RegisterSpec::withReg (23 bytes)
Event: 0.882 Thread 0x00000000174f4800 nmethod 507 0x0000000002b39210 code [0x0000000002b39380, 0x0000000002b395c8]
Event: 0.882 Thread 0x00000000174f4800  511       3       java.util.ArrayList::subList (22 bytes)
Event: 0.882 Thread 0x00000000174f4800 nmethod 511 0x0000000002b39690 code [0x0000000002b39800, 0x0000000002b39a58]
Event: 0.882 Thread 0x00000000174f4800  513   !   3       com.android.dx.cf.code.BytecodeArray::parseInstruction (2764 bytes)
Event: 0.884 Thread 0x00000000174e6000  518       4       java.util.ArrayList::add (29 bytes)
Event: 0.886 Thread 0x0000000017495800  521       4       java.util.BitSet::nextSetBit (102 bytes)

GC Heap History (0 events):
No events

Deoptimization events (2 events):
Event: 0.809 Thread 0x00000000023ce000 Uncommon trap: reason=unstable_if action=reinterpret pc=0x0000000002abcd84 method=java.lang.String.replace(CC)Ljava/lang/String; @ 26
Event: 0.867 Thread 0x00000000023ce000 Uncommon trap: reason=unstable_if action=reinterpret pc=0x0000000002b18484 method=java.util.HashMap.getNode(ILjava/lang/Object;)Ljava/util/HashMap$Node; @ 62

Internal exceptions (2 events):
Event: 0.084 Thread 0x00000000023ce000 Exception <a 'java/lang/NoSuchMethodError': Method sun.misc.Unsafe.defineClass(Ljava/lang/String;[BII)Ljava/lang/Class; name or signature does not match> (0x00000000eab13120) thrown at [D:\re\puppet\workspace\8-2-build-windows-amd64-cygwin\jdk8u73\6086\hotÌk@Nyµ?
Event: 0.084 Thread 0x00000000023ce000 Exception <a 'java/lang/NoSuchMethodError': Method sun.misc.Unsafe.prefetchRead(Ljava/lang/Object;J)V name or signature does not match> (0x00000000eab13408) thrown at [D:\re\puppet\workspace\8-2-build-windows-amd64-cygwin\jdk8u73\6086\hotspot\src\share\vm\

Events (10 events):
Event: 0.825 loading class com/android/dx/rop/cst/CstArray$List done
Event: 0.841 loading class java/util/TreeMap$EntrySet
Event: 0.841 loading class java/util/TreeMap$EntrySet done
Event: 0.842 loading class java/util/TreeMap$EntryIterator
Event: 0.842 loading class java/util/TreeMap$EntryIterator done
Event: 0.867 Thread 0x00000000023ce000 Uncommon trap: trap_request=0xffffff65 fr.pc=0x0000000002b18484
Event: 0.867 Thread 0x00000000023ce000 DEOPT PACKING pc=0x0000000002b18484 sp=0x00000000024ceb10
Event: 0.867 Thread 0x00000000023ce000 DEOPT UNPACKING pc=0x000000000297582a sp=0x00000000024cea88 mode 2
Event: 0.876 loading class com/android/dx/dex/file/MethodAnnotationStruct
Event: 0.876 loading class com/android/dx/dex/file/MethodAnnotationStruct done


Dynamic libraries:
0x00007ff7cafa0000 - 0x00007ff7cafd7000 	C:\Program Files\Java\jdk1.8.0_73\bin\java.exe
0x00007ffd98370000 - 0x00007ffd98531000 	C:\WINDOWS\SYSTEM32\ntdll.dll
0x00007ffd96d60000 - 0x00007ffd96e0d000 	C:\WINDOWS\system32\KERNEL32.DLL
0x00007ffd94a60000 - 0x00007ffd94c48000 	C:\WINDOWS\system32\KERNELBASE.dll
0x00007ffd955c0000 - 0x00007ffd95667000 	C:\WINDOWS\system32\ADVAPI32.dll
0x00007ffd97fb0000 - 0x00007ffd9804d000 	C:\WINDOWS\system32\msvcrt.dll
0x00007ffd970c0000 - 0x00007ffd9711b000 	C:\WINDOWS\system32\sechost.dll
0x00007ffd97c30000 - 0x00007ffd97d4c000 	C:\WINDOWS\system32\RPCRT4.dll
0x00007ffd97120000 - 0x00007ffd97276000 	C:\WINDOWS\system32\USER32.dll
0x00007ffd96ec0000 - 0x00007ffd97046000 	C:\WINDOWS\system32\GDI32.dll
0x00007ffd8e560000 - 0x00007ffd8e7d4000 	C:\WINDOWS\WinSxS\amd64_microsoft.windows.common-controls_6595b64144ccf1df_6.0.10586.494_none_a2d8b04ea53e3145\COMCTL32.dll
0x00007ffd972b0000 - 0x00007ffd9752d000 	C:\WINDOWS\system32\combase.dll
0x00007ffd949f0000 - 0x00007ffd94a5a000 	C:\WINDOWS\system32\bcryptPrimitives.dll
0x00007ffd957c0000 - 0x00007ffd957fb000 	C:\WINDOWS\system32\IMM32.DLL
0x0000000054ec0000 - 0x0000000054f92000 	C:\Program Files\Java\jdk1.8.0_73\jre\bin\msvcr100.dll
0x00000000554b0000 - 0x0000000055d40000 	C:\Program Files\Java\jdk1.8.0_73\jre\bin\server\jvm.dll
0x00007ffd953e0000 - 0x00007ffd95403000 	C:\WINDOWS\system32\WINMM.dll
0x00007ffd94790000 - 0x00007ffd947bc000 	C:\WINDOWS\system32\WINMMBASE.dll
0x00007ffd949a0000 - 0x00007ffd949e3000 	C:\WINDOWS\system32\cfgmgr32.dll
0x00007ffd955b0000 - 0x00007ffd955b8000 	C:\WINDOWS\system32\PSAPI.DLL
0x00007ffd8eac0000 - 0x00007ffd8eac9000 	C:\WINDOWS\SYSTEM32\WSOCK32.dll
0x00007ffd97f40000 - 0x00007ffd97fab000 	C:\WINDOWS\system32\WS2_32.dll
0x00007ffd8e8b0000 - 0x00007ffd8e8ba000 	C:\WINDOWS\SYSTEM32\VERSION.dll
0x00000000553c0000 - 0x00000000553cf000 	C:\Program Files\Java\jdk1.8.0_73\jre\bin\verify.dll
0x0000000055390000 - 0x00000000553b9000 	C:\Program Files\Java\jdk1.8.0_73\jre\bin\java.dll
0x0000000055370000 - 0x0000000055386000 	C:\Program Files\Java\jdk1.8.0_73\jre\bin\zip.dll
0x00007ffd95800000 - 0x00007ffd96d5c000 	C:\WINDOWS\system32\SHELL32.dll
0x00007ffd94c50000 - 0x00007ffd95295000 	C:\WINDOWS\system32\windows.storage.dll
0x00007ffd97a70000 - 0x00007ffd97ac2000 	C:\WINDOWS\system32\shlwapi.dll
0x00007ffd94780000 - 0x00007ffd9478f000 	C:\WINDOWS\system32\kernel.appcore.dll
0x00007ffd95430000 - 0x00007ffd954e5000 	C:\WINDOWS\system32\shcore.dll
0x00007ffd95390000 - 0x00007ffd953db000 	C:\WINDOWS\system32\powrprof.dll
0x00007ffd94760000 - 0x00007ffd94774000 	C:\WINDOWS\system32\profapi.dll

VM Arguments:
jvm_args: -Xmx1024M -Dfile.encoding=GBK -Duser.country=CN -Duser.language=zh -Duser.variant 
java_command: com.android.dx.command.Main --dex --output C:\Users\Administrator\AndroidStudioProjects\Beautyacticle-master\app\build\intermediates\pre-dexed\debug\classes-effe3af9616db14673d8a16da3b00e8ff1242803.jar C:\Users\Administrator\AndroidStudioProjects\Beautyacticle-master\app\build\intermediates\exploded-aar\com.github.johnkil.android-appmsg\appmsg\1.2.0\jars\classes.jar
java_class_path (initial): F:\Android_Studio_SDK\build-tools\22.0.1\lib\dx.jar
Launcher Type: SUN_STANDARD

Environment Variables:
JAVA_HOME=C:\Program Files\Java\jdk1.8.0_73\
CLASSPATH=.;C:\Program Files\Java\jdk1.8.0_73\\lib\dt.jar;C:\Program Files\Java\jdk1.8.0_73\\lib\tools.jar;
PATH=C:\ProgramData\Oracle\Java\javapath;C:\WINDOWS\system32;C:\WINDOWS;C:\WINDOWS\System32\Wbem;C:\WINDOWS\System32\WindowsPowerShell\v1.0\;C:\Program Files\Java\jdk1.8.0_66\bin;C:\Program Files\Java\jdk1.8.0_66\jre\bin;C:\Python27;C:\Program Files (x86)\Microsoft SQL Server\90\Tools\binn\;C:\Users\Administrator\.dnx\bin;C:\Program Files\Microsoft DNX\Dnvm\;C:\Program Files\TortoiseSVN\bin;C:\Program Files (x86)\NVIDIA Corporation\PhysX\Common;E:\Android_Studio_SDK\platform-tools;E:\Android_Studio_SDK\tools\templates\gradle\wrapper\;C:\Program Files\Android\Android Studio\gradle\gradle-2.10\bin;C:\ProgramData\Oracle\Java\javapath;C:\WINDOWS\system32;C:\WINDOWS;C:\WINDOWS\System32\Wbem;C:\WINDOWS\System32\WindowsPowerShell\v1.0\;C:\Program Files\Java\jdk1.8.0_66\bin;C:\Program Files\Java\jdk1.8.0_66\jre\bin;C:\Program Files\TortoiseSVN\bin;C:\Python27;C:\Program Files (x86)\Microsoft SQL Server\90\Tools\binn\;C:\Users\Administrator\.dnx\bin;C:\Program Files\Microsoft DNX\Dnvm\;D:\GNUstep\GNUstep\System\Tools;D:\GNUstep\bin
USERNAME=Administrator
OS=Windows_NT
PROCESSOR_IDENTIFIER=Intel64 Family 6 Model 60 Stepping 3, GenuineIntel



---------------  S Y S T E M  ---------------

OS: Windows 10.0 , 64 bit Build 10586 (10.0.10586.0)

CPU:total 8 (4 cores per cpu, 2 threads per core) family 6 model 60 stepping 3, cmov, cx8, fxsr, mmx, sse, sse2, sse3, ssse3, sse4.1, sse4.2, popcnt, avx, avx2, aes, clmul, erms, lzcnt, ht, tsc, tscinvbit, bmi1, bmi2

Memory: 4k page, physical 8208440k(1135892k free), swap 11878456k(4260k free)

vm_info: Java HotSpot(TM) 64-Bit Server VM (25.73-b02) for windows-amd64 JRE (1.8.0_73-b02), built on Jan 29 2016 17:38:49 by "java_re" with MS VC++ 10.0 (VS2010)

time: Tue Aug 23 16:24:38 2016
elapsed time: 0 seconds (0d 0h 0m 0s)

