#
# There is insufficient memory for the Java Runtime Environment to continue.
# Native memory allocation (malloc) failed to allocate 51856 bytes for Chunk::new
# Possible reasons:
#   The system is out of physical RAM or swap space
#   In 32 bit mode, the process size limit was hit
# Possible solutions:
#   Reduce memory load on the system
#   Increase physical memory or swap space
#   Check if swap backing store is full
#   Use 64 bit Java on a 64 bit OS
#   Decrease Java heap size (-Xmx/-Xms)
#   Decrease number of Java threads
#   Decrease Java thread stack sizes (-Xss)
#   Set larger code cache with -XX:ReservedCodeCacheSize=
# This output file may be truncated or incomplete.
#
#  Out of Memory Error (allocation.cpp:390), pid=7108, tid=4144
#
# JRE version: Java(TM) SE Runtime Environment (8.0_73-b02) (build 1.8.0_73-b02)
# Java VM: Java HotSpot(TM) 64-Bit Server VM (25.73-b02 mixed mode windows-amd64 compressed oops)
# Failed to write core dump. Minidumps are not enabled by default on client versions of Windows
#

---------------  T H R E A D  ---------------

Current thread (0x00000000171b3800):  JavaThread "C2 CompilerThread0" daemon [_thread_in_native, id=4144, stack(0x0000000017730000,0x0000000017830000)]

Stack: [0x0000000017730000,0x0000000017830000]
[error occurred during error reporting (printing stack bounds), id 0xc0000005]

Native frames: (J=compiled Java code, j=interpreted, Vv=VM code, C=native code)


Current CompileTask:
C2:   1866  902       4       com.android.dx.ssa.NormalSsaInsn::mapSourceRegisters (48 bytes)


---------------  P R O C E S S  ---------------

Java Threads: ( => current thread )
  0x000000001721f000 JavaThread "Service Thread" daemon [_thread_blocked, id=24980, stack(0x0000000017b30000,0x0000000017c30000)]
  0x0000000017216800 JavaThread "C1 CompilerThread3" daemon [_thread_blocked, id=12152, stack(0x0000000017a30000,0x0000000017b30000)]
  0x0000000017214000 JavaThread "C2 CompilerThread2" daemon [_thread_blocked, id=10428, stack(0x0000000017930000,0x0000000017a30000)]
  0x0000000017212000 JavaThread "C2 CompilerThread1" daemon [_thread_in_native, id=14440, stack(0x0000000017830000,0x0000000017930000)]
=>0x00000000171b3800 JavaThread "C2 CompilerThread0" daemon [_thread_in_native, id=4144, stack(0x0000000017730000,0x0000000017830000)]
  0x0000000017168000 JavaThread "Attach Listener" daemon [_thread_blocked, id=5192, stack(0x0000000017630000,0x0000000017730000)]
  0x0000000017167800 JavaThread "Signal Dispatcher" daemon [_thread_blocked, id=27548, stack(0x0000000017530000,0x0000000017630000)]
  0x0000000002603800 JavaThread "Finalizer" daemon [_thread_blocked, id=14252, stack(0x0000000017030000,0x0000000017130000)]
  0x000000001512d000 JavaThread "Reference Handler" daemon [_thread_blocked, id=25180, stack(0x0000000016f30000,0x0000000017030000)]
  0x000000000240e000 JavaThread "main" [_thread_in_vm, id=21656, stack(0x0000000002410000,0x0000000002510000)]

Other Threads:
  0x0000000015128800 VMThread [stack: 0x0000000016e30000,0x0000000016f30000] [id=3476]
  0x000000001724a800 WatcherThread [stack: 0x0000000017c30000,0x0000000017d30000] [id=23184]

VM state:not at safepoint (normal execution)

VM Mutex/Monitor currently owned by a thread: None

Heap:
 PSYoungGen      total 37888K, used 15085K [0x00000000eab00000, 0x00000000ed500000, 0x0000000100000000)
  eden space 32768K, 46% used [0x00000000eab00000,0x00000000eb9bb468,0x00000000ecb00000)
  from space 5120K, 0% used [0x00000000ed000000,0x00000000ed000000,0x00000000ed500000)
  to   space 5120K, 0% used [0x00000000ecb00000,0x00000000ecb00000,0x00000000ed000000)
 ParOldGen       total 86016K, used 0K [0x00000000c0000000, 0x00000000c5400000, 0x00000000eab00000)
  object space 86016K, 0% used [0x00000000c0000000,0x00000000c0000000,0x00000000c5400000)
 Metaspace       used 5558K, capacity 6768K, committed 7040K, reserved 1056768K
  class space    used 565K, capacity 616K, committed 640K, reserved 1048576K

Card table byte_map: [0x00000000119d0000,0x0000000011be0000] byte_map_base: 0x00000000113d0000

Marking Bits: (ParMarkBitMap*) 0x0000000055cc0600
 Begin Bits: [0x0000000012540000, 0x0000000013540000)
 End Bits:   [0x0000000013540000, 0x0000000014540000)

Polling page: 0x0000000001f60000

CodeCache: size=245760Kb used=3764Kb max_used=3770Kb free=241995Kb
 bounds [0x0000000002610000, 0x00000000029d0000, 0x0000000011610000]
 total_blobs=1177 nmethods=910 adapters=180
 compilation: enabled

Compilation events (10 events):
Event: 1.855 Thread 0x0000000017216800 nmethod 909 0x00000000029bba50 code [0x00000000029bbc00, 0x00000000029bc0d8]
Event: 1.855 Thread 0x0000000017216800  910       3       com.android.dx.rop.code.RegisterSpecSet::localItemToSpec (49 bytes)
Event: 1.855 Thread 0x0000000017216800 nmethod 910 0x00000000029b9bd0 code [0x00000000029b9d60, 0x00000000029ba328]
Event: 1.855 Thread 0x00000000171b3800 nmethod 887 0x00000000029bf7d0 code [0x00000000029bf960, 0x00000000029c0238]
Event: 1.855 Thread 0x00000000171b3800  902       4       com.android.dx.ssa.NormalSsaInsn::mapSourceRegisters (48 bytes)
Event: 1.856 Thread 0x0000000017216800  911       3       java.util.TreeMap::successor (66 bytes)
Event: 1.856 Thread 0x0000000017216800 nmethod 911 0x00000000029b9550 code [0x00000000029b96e0, 0x00000000029b9a50]
Event: 1.857 Thread 0x0000000017214000 nmethod 907 0x00000000029c0d50 code [0x00000000029c0ea0, 0x00000000029c1198]
Event: 1.861 Thread 0x0000000017216800  912       3       com.android.dx.ssa.back.FirstFitLocalCombiningAllocator::tryMapRegs (110 bytes)
Event: 1.863 Thread 0x0000000017216800 nmethod 912 0x00000000029be010 code [0x00000000029be260, 0x00000000029bf018]

GC Heap History (0 events):
No events

Deoptimization events (4 events):
Event: 1.518 Thread 0x000000000240e000 Uncommon trap: reason=unstable_if action=reinterpret pc=0x00000000027fcc44 method=java.util.HashMap.getNode(ILjava/lang/Object;)Ljava/util/HashMap$Node; @ 62
Event: 1.827 Thread 0x000000000240e000 Uncommon trap: reason=unstable_if action=reinterpret pc=0x00000000028be88c method=java.util.HashMap.getNode(ILjava/lang/Object;)Ljava/util/HashMap$Node; @ 129
Event: 1.827 Thread 0x000000000240e000 Uncommon trap: reason=unstable_if action=reinterpret pc=0x0000000002966c04 method=java.util.HashMap.putVal(ILjava/lang/Object;Ljava/lang/Object;ZZ)Ljava/lang/Object; @ 193
Event: 1.827 Thread 0x000000000240e000 Uncommon trap: reason=unstable_if action=reinterpret pc=0x0000000002931818 method=java.util.HashMap.getNode(ILjava/lang/Object;)Ljava/util/HashMap$Node; @ 129

Internal exceptions (2 events):
Event: 0.250 Thread 0x000000000240e000 Exception <a 'java/lang/NoSuchMethodError': Method sun.misc.Unsafe.defineClass(Ljava/lang/String;[BII)Ljava/lang/Class; name or signature does not match> (0x00000000eab13120) thrown at [D:\re\puppet\workspace\8-2-build-windows-amd64-cygwin\jdk8u73\6086\hot¯j!zÐ?
Event: 0.250 Thread 0x000000000240e000 Exception <a 'java/lang/NoSuchMethodError': Method sun.misc.Unsafe.prefetchRead(Ljava/lang/Object;J)V name or signature does not match> (0x00000000eab13408) thrown at [D:\re\puppet\workspace\8-2-build-windows-amd64-cygwin\jdk8u73\6086\hotspot\src\share\vm\

Events (10 events):
Event: 1.822 loading class java/util/HashMap$ValueIterator done
Event: 1.827 Thread 0x000000000240e000 Uncommon trap: trap_request=0xffffff65 fr.pc=0x00000000028be88c
Event: 1.827 Thread 0x000000000240e000 DEOPT PACKING pc=0x00000000028be88c sp=0x000000000250e300
Event: 1.827 Thread 0x000000000240e000 DEOPT UNPACKING pc=0x000000000265582a sp=0x000000000250e220 mode 2
Event: 1.827 Thread 0x000000000240e000 Uncommon trap: trap_request=0xffffff65 fr.pc=0x0000000002966c04
Event: 1.827 Thread 0x000000000240e000 DEOPT PACKING pc=0x0000000002966c04 sp=0x000000000250e350
Event: 1.827 Thread 0x000000000240e000 DEOPT UNPACKING pc=0x000000000265582a sp=0x000000000250e1e0 mode 2
Event: 1.827 Thread 0x000000000240e000 Uncommon trap: trap_request=0xffffff65 fr.pc=0x0000000002931818
Event: 1.827 Thread 0x000000000240e000 DEOPT PACKING pc=0x0000000002931818 sp=0x000000000250e0c0
Event: 1.827 Thread 0x000000000240e000 DEOPT UNPACKING pc=0x000000000265582a sp=0x000000000250e060 mode 2


Dynamic libraries:
0x00007ff7cafa0000 - 0x00007ff7cafd7000 	C:\Program Files\Java\jdk1.8.0_73\bin\java.exe
0x00007ffd98370000 - 0x00007ffd98531000 	C:\WINDOWS\SYSTEM32\ntdll.dll
0x00007ffd96d60000 - 0x00007ffd96e0d000 	C:\WINDOWS\system32\KERNEL32.DLL
0x00007ffd94a60000 - 0x00007ffd94c48000 	C:\WINDOWS\system32\KERNELBASE.dll
0x00007ffd955c0000 - 0x00007ffd95667000 	C:\WINDOWS\system32\ADVAPI32.dll
0x00007ffd97fb0000 - 0x00007ffd9804d000 	C:\WINDOWS\system32\msvcrt.dll
0x00007ffd970c0000 - 0x00007ffd9711b000 	C:\WINDOWS\system32\sechost.dll
0x00007ffd97c30000 - 0x00007ffd97d4c000 	C:\WINDOWS\system32\RPCRT4.dll
0x00007ffd97120000 - 0x00007ffd97276000 	C:\WINDOWS\system32\USER32.dll
0x00007ffd96ec0000 - 0x00007ffd97046000 	C:\WINDOWS\system32\GDI32.dll
0x00007ffd8e560000 - 0x00007ffd8e7d4000 	C:\WINDOWS\WinSxS\amd64_microsoft.windows.common-controls_6595b64144ccf1df_6.0.10586.494_none_a2d8b04ea53e3145\COMCTL32.dll
0x00007ffd972b0000 - 0x00007ffd9752d000 	C:\WINDOWS\system32\combase.dll
0x00007ffd949f0000 - 0x00007ffd94a5a000 	C:\WINDOWS\system32\bcryptPrimitives.dll
0x00007ffd957c0000 - 0x00007ffd957fb000 	C:\WINDOWS\system32\IMM32.DLL
0x0000000054ec0000 - 0x0000000054f92000 	C:\Program Files\Java\jdk1.8.0_73\jre\bin\msvcr100.dll
0x00000000554b0000 - 0x0000000055d40000 	C:\Program Files\Java\jdk1.8.0_73\jre\bin\server\jvm.dll
0x00007ffd953e0000 - 0x00007ffd95403000 	C:\WINDOWS\system32\WINMM.dll
0x00007ffd94790000 - 0x00007ffd947bc000 	C:\WINDOWS\system32\WINMMBASE.dll
0x00007ffd949a0000 - 0x00007ffd949e3000 	C:\WINDOWS\system32\cfgmgr32.dll
0x00007ffd955b0000 - 0x00007ffd955b8000 	C:\WINDOWS\system32\PSAPI.DLL
0x00007ffd8eac0000 - 0x00007ffd8eac9000 	C:\WINDOWS\SYSTEM32\WSOCK32.dll
0x00007ffd97f40000 - 0x00007ffd97fab000 	C:\WINDOWS\system32\WS2_32.dll
0x00007ffd8e8b0000 - 0x00007ffd8e8ba000 	C:\WINDOWS\SYSTEM32\VERSION.dll
0x00000000553c0000 - 0x00000000553cf000 	C:\Program Files\Java\jdk1.8.0_73\jre\bin\verify.dll
0x0000000055390000 - 0x00000000553b9000 	C:\Program Files\Java\jdk1.8.0_73\jre\bin\java.dll
0x0000000055370000 - 0x0000000055386000 	C:\Program Files\Java\jdk1.8.0_73\jre\bin\zip.dll
0x00007ffd95800000 - 0x00007ffd96d5c000 	C:\WINDOWS\system32\SHELL32.dll
0x00007ffd94c50000 - 0x00007ffd95295000 	C:\WINDOWS\system32\windows.storage.dll
0x00007ffd97a70000 - 0x00007ffd97ac2000 	C:\WINDOWS\system32\shlwapi.dll
0x00007ffd94780000 - 0x00007ffd9478f000 	C:\WINDOWS\system32\kernel.appcore.dll
0x00007ffd95430000 - 0x00007ffd954e5000 	C:\WINDOWS\system32\shcore.dll
0x00007ffd95390000 - 0x00007ffd953db000 	C:\WINDOWS\system32\powrprof.dll
0x00007ffd94760000 - 0x00007ffd94774000 	C:\WINDOWS\system32\profapi.dll

VM Arguments:
jvm_args: -Xmx1024M -Dfile.encoding=GBK -Duser.country=CN -Duser.language=zh -Duser.variant 
java_command: com.android.dx.command.Main --dex --output C:\Users\Administrator\AndroidStudioProjects\Beautyacticle-master\app\build\intermediates\pre-dexed\debug\classes-6e5b29c655ea773210ea8ece32030c3fef9b911c.jar C:\Users\Administrator\AndroidStudioProjects\Beautyacticle-master\app\build\intermediates\exploded-aar\uk.co.chrisjenx\calligraphy\2.1.0\jars\classes.jar
java_class_path (initial): F:\Android_Studio_SDK\build-tools\22.0.1\lib\dx.jar
Launcher Type: SUN_STANDARD

Environment Variables:
JAVA_HOME=C:\Program Files\Java\jdk1.8.0_73\
CLASSPATH=.;C:\Program Files\Java\jdk1.8.0_73\\lib\dt.jar;C:\Program Files\Java\jdk1.8.0_73\\lib\tools.jar;
PATH=C:\ProgramData\Oracle\Java\javapath;C:\WINDOWS\system32;C:\WINDOWS;C:\WINDOWS\System32\Wbem;C:\WINDOWS\System32\WindowsPowerShell\v1.0\;C:\Program Files\Java\jdk1.8.0_66\bin;C:\Program Files\Java\jdk1.8.0_66\jre\bin;C:\Python27;C:\Program Files (x86)\Microsoft SQL Server\90\Tools\binn\;C:\Users\Administrator\.dnx\bin;C:\Program Files\Microsoft DNX\Dnvm\;C:\Program Files\TortoiseSVN\bin;C:\Program Files (x86)\NVIDIA Corporation\PhysX\Common;E:\Android_Studio_SDK\platform-tools;E:\Android_Studio_SDK\tools\templates\gradle\wrapper\;C:\Program Files\Android\Android Studio\gradle\gradle-2.10\bin;C:\ProgramData\Oracle\Java\javapath;C:\WINDOWS\system32;C:\WINDOWS;C:\WINDOWS\System32\Wbem;C:\WINDOWS\System32\WindowsPowerShell\v1.0\;C:\Program Files\Java\jdk1.8.0_66\bin;C:\Program Files\Java\jdk1.8.0_66\jre\bin;C:\Program Files\TortoiseSVN\bin;C:\Python27;C:\Program Files (x86)\Microsoft SQL Server\90\Tools\binn\;C:\Users\Administrator\.dnx\bin;C:\Program Files\Microsoft DNX\Dnvm\;D:\GNUstep\GNUstep\System\Tools;D:\GNUstep\bin
USERNAME=Administrator
OS=Windows_NT
PROCESSOR_IDENTIFIER=Intel64 Family 6 Model 60 Stepping 3, GenuineIntel



---------------  S Y S T E M  ---------------

OS: Windows 10.0 , 64 bit Build 10586 (10.0.10586.0)

CPU:total 8 (4 cores per cpu, 2 threads per core) family 6 model 60 stepping 3, cmov, cx8, fxsr, mmx, sse, sse2, sse3, ssse3, sse4.1, sse4.2, popcnt, avx, avx2, aes, clmul, erms, lzcnt, ht, tsc, tscinvbit, bmi1, bmi2

Memory: 4k page, physical 8208440k(1138616k free), swap 11878456k(4688k free)

vm_info: Java HotSpot(TM) 64-Bit Server VM (25.73-b02) for windows-amd64 JRE (1.8.0_73-b02), built on Jan 29 2016 17:38:49 by "java_re" with MS VC++ 10.0 (VS2010)

time: Tue Aug 23 16:24:39 2016
elapsed time: 1 seconds (0d 0h 0m 1s)

