#
# There is insufficient memory for the Java Runtime Environment to continue.
# Native memory allocation (malloc) failed to allocate 1135376 bytes for Chunk::new
# Possible reasons:
#   The system is out of physical RAM or swap space
#   In 32 bit mode, the process size limit was hit
# Possible solutions:
#   Reduce memory load on the system
#   Increase physical memory or swap space
#   Check if swap backing store is full
#   Use 64 bit Java on a 64 bit OS
#   Decrease Java heap size (-Xmx/-Xms)
#   Decrease number of Java threads
#   Decrease Java thread stack sizes (-Xss)
#   Set larger code cache with -XX:ReservedCodeCacheSize=
# This output file may be truncated or incomplete.
#
#  Out of Memory Error (allocation.cpp:390), pid=6872, tid=30268
#
# JRE version: Java(TM) SE Runtime Environment (8.0_73-b02) (build 1.8.0_73-b02)
# Java VM: Java HotSpot(TM) 64-Bit Server VM (25.73-b02 mixed mode windows-amd64 compressed oops)
# Failed to write core dump. Minidumps are not enabled by default on client versions of Windows
#

---------------  T H R E A D  ---------------

Current thread (0x00000000175d8000):  JavaThread "C2 CompilerThread1" daemon [_thread_in_native, id=30268, stack(0x0000000017c50000,0x0000000017d50000)]

Stack: [0x0000000017c50000,0x0000000017d50000]
[error occurred during error reporting (printing stack bounds), id 0xc0000005]

Native frames: (J=compiled Java code, j=interpreted, Vv=VM code, C=native code)


Current CompileTask:
C2:  13109 2138       4       com.android.dx.dex.code.OutputFinisher::addConstants (93 bytes)


---------------  P R O C E S S  ---------------

Java Threads: ( => current thread )
  0x0000000017682800 JavaThread "Service Thread" daemon [_thread_blocked, id=9556, stack(0x0000000017f50000,0x0000000018050000)]
  0x00000000175e4800 JavaThread "C1 CompilerThread3" daemon [_thread_blocked, id=2756, stack(0x0000000017e50000,0x0000000017f50000)]
  0x00000000175e1000 JavaThread "C2 CompilerThread2" daemon [_thread_in_native, id=16588, stack(0x0000000017d50000,0x0000000017e50000)]
=>0x00000000175d8000 JavaThread "C2 CompilerThread1" daemon [_thread_in_native, id=30268, stack(0x0000000017c50000,0x0000000017d50000)]
  0x00000000175d4000 JavaThread "C2 CompilerThread0" daemon [_thread_in_native, id=17324, stack(0x0000000017b50000,0x0000000017c50000)]
  0x0000000017588000 JavaThread "Attach Listener" daemon [_thread_blocked, id=26248, stack(0x0000000017a50000,0x0000000017b50000)]
  0x0000000017587800 JavaThread "Signal Dispatcher" daemon [_thread_blocked, id=3152, stack(0x0000000017950000,0x0000000017a50000)]
  0x0000000002943800 JavaThread "Finalizer" daemon [_thread_blocked, id=1680, stack(0x0000000017350000,0x0000000017450000)]
  0x000000001546d000 JavaThread "Reference Handler" daemon [_thread_blocked, id=9948, stack(0x0000000017250000,0x0000000017350000)]
  0x000000000274e000 JavaThread "main" [_thread_in_Java, id=14996, stack(0x0000000002750000,0x0000000002850000)]

Other Threads:
  0x0000000015468800 VMThread [stack: 0x0000000017150000,0x0000000017250000] [id=31092]
  0x00000000176cc800 WatcherThread [stack: 0x0000000018050000,0x0000000018150000] [id=17964]

VM state:not at safepoint (normal execution)

VM Mutex/Monitor currently owned by a thread: None

Heap:
 PSYoungGen      total 136192K, used 106467K [0x00000000eab00000, 0x00000000f3500000, 0x0000000100000000)
  eden space 131072K, 77% used [0x00000000eab00000,0x00000000f0dfb508,0x00000000f2b00000)
  from space 5120K, 99% used [0x00000000f3000000,0x00000000f34fd780,0x00000000f3500000)
  to   space 5120K, 0% used [0x00000000f2b00000,0x00000000f2b00000,0x00000000f3000000)
 ParOldGen       total 86016K, used 27447K [0x00000000c0000000, 0x00000000c5400000, 0x00000000eab00000)
  object space 86016K, 31% used [0x00000000c0000000,0x00000000c1acdeb0,0x00000000c5400000)
 Metaspace       used 6211K, capacity 7216K, committed 7296K, reserved 1062912K
  class space    used 595K, capacity 616K, committed 640K, reserved 1048576K

Card table byte_map: [0x0000000011d10000,0x0000000011f20000] byte_map_base: 0x0000000011710000

Marking Bits: (ParMarkBitMap*) 0x0000000055cc0600
 Begin Bits: [0x0000000012880000, 0x0000000013880000)
 End Bits:   [0x0000000013880000, 0x0000000014880000)

Polling page: 0x0000000000850000

CodeCache: size=245760Kb used=11194Kb max_used=11217Kb free=234565Kb
 bounds [0x0000000002950000, 0x0000000003450000, 0x0000000011950000]
 total_blobs=2401 nmethods=2134 adapters=180
 compilation: enabled

Compilation events (10 events):
Event: 13.050 Thread 0x00000000175e4800 2135       3       com.android.dx.dex.code.OutputFinisher::getAllConstants (47 bytes)
Event: 13.051 Thread 0x00000000175e4800 nmethod 2135 0x0000000003447510 code [0x0000000003447740, 0x00000000034480a8]
Event: 13.051 Thread 0x00000000175e4800 2137       1       com.android.dx.dex.code.OutputFinisher::hasAnyPositionInfo (5 bytes)
Event: 13.051 Thread 0x00000000175e4800 nmethod 2137 0x0000000003447250 code [0x00000000034473a0, 0x00000000034474b0]
Event: 13.053 Thread 0x00000000175e4800 2139       3       com.android.dx.dex.code.StdCatchBuilder::hasAnyCatches (57 bytes)
Event: 13.053 Thread 0x00000000175e4800 nmethod 2139 0x0000000003438390 code [0x0000000003438580, 0x00000000034392b8]
Event: 13.058 Thread 0x00000000175d8000 nmethod 2133 0x000000000344ee50 code [0x000000000344f000, 0x000000000344f830]
Event: 13.058 Thread 0x00000000175e1000 nmethod 2134 0x0000000003437390 code [0x0000000003437540, 0x0000000003437cd0]
Event: 13.058 Thread 0x00000000175d8000 2138       4       com.android.dx.dex.code.OutputFinisher::addConstants (93 bytes)
Event: 13.058 Thread 0x00000000175e1000 2140       4       com.android.dx.dex.code.OutputFinisher::addConstants (68 bytes)

GC Heap History (8 events):
Event: 2.252 GC heap before
{Heap before GC invocations=1 (full 0):
 PSYoungGen      total 37888K, used 32768K [0x00000000eab00000, 0x00000000ed500000, 0x0000000100000000)
  eden space 32768K, 100% used [0x00000000eab00000,0x00000000ecb00000,0x00000000ecb00000)
  from space 5120K, 0% used [0x00000000ed000000,0x00000000ed000000,0x00000000ed500000)
  to   space 5120K, 0% used [0x00000000ecb00000,0x00000000ecb00000,0x00000000ed000000)
 ParOldGen       total 86016K, used 0K [0x00000000c0000000, 0x00000000c5400000, 0x00000000eab00000)
  object space 86016K, 0% used [0x00000000c0000000,0x00000000c0000000,0x00000000c5400000)
 Metaspace       used 5793K, capacity 6960K, committed 7040K, reserved 1062912K
  class space    used 568K, capacity 616K, committed 640K, reserved 1048576K
Event: 2.431 GC heap after
Heap after GC invocations=1 (full 0):
 PSYoungGen      total 37888K, used 5106K [0x00000000eab00000, 0x00000000ef500000, 0x0000000100000000)
  eden space 32768K, 0% used [0x00000000eab00000,0x00000000eab00000,0x00000000ecb00000)
  from space 5120K, 99% used [0x00000000ecb00000,0x00000000ecffcad8,0x00000000ed000000)
  to   space 5120K, 0% used [0x00000000ef000000,0x00000000ef000000,0x00000000ef500000)
 ParOldGen       total 86016K, used 1839K [0x00000000c0000000, 0x00000000c5400000, 0x00000000eab00000)
  object space 86016K, 2% used [0x00000000c0000000,0x00000000c01cbc78,0x00000000c5400000)
 Metaspace       used 5793K, capacity 6960K, committed 7040K, reserved 1062912K
  class space    used 568K, capacity 616K, committed 640K, reserved 1048576K
}
Event: 4.455 GC heap before
{Heap before GC invocations=2 (full 0):
 PSYoungGen      total 37888K, used 37874K [0x00000000eab00000, 0x00000000ef500000, 0x0000000100000000)
  eden space 32768K, 100% used [0x00000000eab00000,0x00000000ecb00000,0x00000000ecb00000)
  from space 5120K, 99% used [0x00000000ecb00000,0x00000000ecffcad8,0x00000000ed000000)
  to   space 5120K, 0% used [0x00000000ef000000,0x00000000ef000000,0x00000000ef500000)
 ParOldGen       total 86016K, used 1839K [0x00000000c0000000, 0x00000000c5400000, 0x00000000eab00000)
  object space 86016K, 2% used [0x00000000c0000000,0x00000000c01cbc78,0x00000000c5400000)
 Metaspace       used 5918K, capacity 7088K, committed 7296K, reserved 1062912K
  class space    used 569K, capacity 616K, committed 640K, reserved 1048576K
Event: 4.514 GC heap after
Heap after GC invocations=2 (full 0):
 PSYoungGen      total 70656K, used 5093K [0x00000000eab00000, 0x00000000ef500000, 0x0000000100000000)
  eden space 65536K, 0% used [0x00000000eab00000,0x00000000eab00000,0x00000000eeb00000)
  from space 5120K, 99% used [0x00000000ef000000,0x00000000ef4f97b8,0x00000000ef500000)
  to   space 5120K, 0% used [0x00000000eeb00000,0x00000000eeb00000,0x00000000ef000000)
 ParOldGen       total 86016K, used 6976K [0x00000000c0000000, 0x00000000c5400000, 0x00000000eab00000)
  object space 86016K, 8% used [0x00000000c0000000,0x00000000c06d0058,0x00000000c5400000)
 Metaspace       used 5918K, capacity 7088K, committed 7296K, reserved 1062912K
  class space    used 569K, capacity 616K, committed 640K, reserved 1048576K
}
Event: 7.148 GC heap before
{Heap before GC invocations=3 (full 0):
 PSYoungGen      total 70656K, used 70629K [0x00000000eab00000, 0x00000000ef500000, 0x0000000100000000)
  eden space 65536K, 100% used [0x00000000eab00000,0x00000000eeb00000,0x00000000eeb00000)
  from space 5120K, 99% used [0x00000000ef000000,0x00000000ef4f97b8,0x00000000ef500000)
  to   space 5120K, 0% used [0x00000000eeb00000,0x00000000eeb00000,0x00000000ef000000)
 ParOldGen       total 86016K, used 6976K [0x00000000c0000000, 0x00000000c5400000, 0x00000000eab00000)
  object space 86016K, 8% used [0x00000000c0000000,0x00000000c06d0058,0x00000000c5400000)
 Metaspace       used 6070K, capacity 7088K, committed 7296K, reserved 1062912K
  class space    used 589K, capacity 616K, committed 640K, reserved 1048576K
Event: 7.839 GC heap after
Heap after GC invocations=3 (full 0):
 PSYoungGen      total 70656K, used 5119K [0x00000000eab00000, 0x00000000f3500000, 0x0000000100000000)
  eden space 65536K, 0% used [0x00000000eab00000,0x00000000eab00000,0x00000000eeb00000)
  from space 5120K, 99% used [0x00000000eeb00000,0x00000000eefffe38,0x00000000ef000000)
  to   space 5120K, 0% used [0x00000000f3000000,0x00000000f3000000,0x00000000f3500000)
 ParOldGen       total 86016K, used 16707K [0x00000000c0000000, 0x00000000c5400000, 0x00000000eab00000)
  object space 86016K, 19% used [0x00000000c0000000,0x00000000c1050d10,0x00000000c5400000)
 Metaspace       used 6070K, capacity 7088K, committed 7296K, reserved 1062912K
  class space    used 589K, capacity 616K, committed 640K, reserved 1048576K
}
Event: 10.404 GC heap before
{Heap before GC invocations=4 (full 0):
 PSYoungGen      total 70656K, used 70655K [0x00000000eab00000, 0x00000000f3500000, 0x0000000100000000)
  eden space 65536K, 100% used [0x00000000eab00000,0x00000000eeb00000,0x00000000eeb00000)
  from space 5120K, 99% used [0x00000000eeb00000,0x00000000eefffe38,0x00000000ef000000)
  to   space 5120K, 0% used [0x00000000f3000000,0x00000000f3000000,0x00000000f3500000)
 ParOldGen       total 86016K, used 16707K [0x00000000c0000000, 0x00000000c5400000, 0x00000000eab00000)
  object space 86016K, 19% used [0x00000000c0000000,0x00000000c1050d10,0x00000000c5400000)
 Metaspace       used 6091K, capacity 7152K, committed 7296K, reserved 1062912K
  class space    used 589K, capacity 616K, committed 640K, reserved 1048576K
Event: 10.619 GC heap after
Heap after GC invocations=4 (full 0):
 PSYoungGen      total 136192K, used 5109K [0x00000000eab00000, 0x00000000f3500000, 0x0000000100000000)
  eden space 131072K, 0% used [0x00000000eab00000,0x00000000eab00000,0x00000000f2b00000)
  from space 5120K, 99% used [0x00000000f3000000,0x00000000f34fd780,0x00000000f3500000)
  to   space 5120K, 0% used [0x00000000f2b00000,0x00000000f2b00000,0x00000000f3000000)
 ParOldGen       total 86016K, used 27447K [0x00000000c0000000, 0x00000000c5400000, 0x00000000eab00000)
  object space 86016K, 31% used [0x00000000c0000000,0x00000000c1acdeb0,0x00000000c5400000)
 Metaspace       used 6091K, capacity 7152K, committed 7296K, reserved 1062912K
  class space    used 589K, capacity 616K, committed 640K, reserved 1048576K
}

Deoptimization events (10 events):
Event: 11.703 Thread 0x000000000274e000 Uncommon trap: reason=unstable_if action=reinterpret pc=0x0000000002e6b10c method=com.android.dx.ssa.MoveParamCombiner$1.visitNonMoveInsn(Lcom/android/dx/ssa/NormalSsaInsn;)V @ 27
Event: 12.938 Thread 0x000000000274e000 Uncommon trap: reason=class_check action=maybe_recompile pc=0x0000000002e0cac8 method=java.util.Arrays.hashCode([Ljava/lang/Object;)I @ 43
Event: 12.938 Thread 0x000000000274e000 Uncommon trap: reason=class_check action=maybe_recompile pc=0x0000000002e0cac8 method=java.util.Arrays.hashCode([Ljava/lang/Object;)I @ 43
Event: 12.938 Thread 0x000000000274e000 Uncommon trap: reason=class_check action=maybe_recompile pc=0x0000000002e0cac8 method=java.util.Arrays.hashCode([Ljava/lang/Object;)I @ 43
Event: 12.938 Thread 0x000000000274e000 Uncommon trap: reason=class_check action=maybe_recompile pc=0x0000000002e0cac8 method=java.util.Arrays.hashCode([Ljava/lang/Object;)I @ 43
Event: 12.939 Thread 0x000000000274e000 Uncommon trap: reason=class_check action=maybe_recompile pc=0x0000000002e0ec68 method=java.util.Arrays.hashCode([Ljava/lang/Object;)I @ 43
Event: 12.974 Thread 0x000000000274e000 Uncommon trap: reason=bimorphic action=maybe_recompile pc=0x0000000002de85d0 method=java.util.HashMap.putVal(ILjava/lang/Object;Ljava/lang/Object;ZZ)Ljava/lang/Object; @ 203
Event: 12.974 Thread 0x000000000274e000 Uncommon trap: reason=bimorphic action=maybe_recompile pc=0x0000000002de85d0 method=java.util.HashMap.putVal(ILjava/lang/Object;Ljava/lang/Object;ZZ)Ljava/lang/Object; @ 203
Event: 12.974 Thread 0x000000000274e000 Uncommon trap: reason=bimorphic action=maybe_recompile pc=0x0000000002de85d0 method=java.util.HashMap.putVal(ILjava/lang/Object;Ljava/lang/Object;ZZ)Ljava/lang/Object; @ 203
Event: 12.974 Thread 0x000000000274e000 Uncommon trap: reason=bimorphic action=maybe_recompile pc=0x0000000002de85d0 method=java.util.HashMap.putVal(ILjava/lang/Object;Ljava/lang/Object;ZZ)Ljava/lang/Object; @ 203

Internal exceptions (6 events):
Event: 0.071 Thread 0x000000000274e000 Exception <a 'java/lang/NoSuchMethodError': Method sun.misc.Unsafe.defineClass(Ljava/lang/String;[BII)Ljava/lang/Class; name or signature does not match> (0x00000000eab13120) thrown at [D:\re\puppet\workspace\8-2-build-windows-amd64-cygwin\jdk8u73\6086\hotØkÇ¢[5²?
Event: 0.071 Thread 0x000000000274e000 Exception <a 'java/lang/NoSuchMethodError': Method sun.misc.Unsafe.prefetchRead(Ljava/lang/Object;J)V name or signature does not match> (0x00000000eab13408) thrown at [D:\re\puppet\workspace\8-2-build-windows-amd64-cygwin\jdk8u73\6086\hotspot\src\share\vm\.[7Þv›þ?
Event: 1.913 Thread 0x000000000274e000 Implicit null exception at 0x0000000002cfaa62 to 0x0000000002cfab5a
Event: 4.738 Thread 0x000000000274e000 Exception <a 'java/lang/ArrayIndexOutOfBoundsException': 18> (0x00000000eb194f50) thrown at [D:\re\puppet\workspace\8-2-build-windows-amd64-cygwin\jdk8u73\6086\hotspot\src\share\vm\interpreter\interpreterRuntime.cpp, line 366]
Event: 4.738 Thread 0x000000000274e000 Exception <a 'java/lang/ArrayIndexOutOfBoundsException': 145> (0x00000000eb196ad0) thrown at [D:\re\puppet\workspace\8-2-build-windows-amd64-cygwin\jdk8u73\6086\hotspot\src\share\vm\interpreter\interpreterRuntime.cpp, line 366]
Event: 4.743 Thread 0x000000000274e000 Exception <a 'java/lang/ArrayIndexOutOfBoundsException'> (0x00000000eb197db8) thrown at [D:\re\puppet\workspace\8-2-build-windows-amd64-cygwin\jdk8u73\6086\hotspot\src\share\vm\runtime\sharedRuntime.cpp, line 605]

Events (10 events):
Event: 12.974 Thread 0x000000000274e000 DEOPT UNPACKING pc=0x000000000299582a sp=0x000000000284f0f0 mode 2
Event: 12.974 Thread 0x000000000274e000 Uncommon trap: trap_request=0xffffffc6 fr.pc=0x0000000002de85d0
Event: 12.974 Thread 0x000000000274e000 DEOPT PACKING pc=0x0000000002de85d0 sp=0x000000000284f1e0
Event: 12.974 Thread 0x000000000274e000 DEOPT UNPACKING pc=0x000000000299582a sp=0x000000000284f0f0 mode 2
Event: 12.995 loading class java/util/HashMap$KeySet
Event: 12.995 loading class java/util/HashMap$KeySet done
Event: 12.995 loading class java/util/HashMap$KeyIterator
Event: 12.995 loading class java/util/HashMap$KeyIterator done
Event: 13.044 loading class com/android/dx/dex/file/CatchStructs
Event: 13.044 loading class com/android/dx/dex/file/CatchStructs done


Dynamic libraries:
0x00007ff7cafa0000 - 0x00007ff7cafd7000 	C:\Program Files\Java\jdk1.8.0_73\bin\java.exe
0x00007ffd98370000 - 0x00007ffd98531000 	C:\WINDOWS\SYSTEM32\ntdll.dll
0x00007ffd96d60000 - 0x00007ffd96e0d000 	C:\WINDOWS\system32\KERNEL32.DLL
0x00007ffd94a60000 - 0x00007ffd94c48000 	C:\WINDOWS\system32\KERNELBASE.dll
0x00007ffd955c0000 - 0x00007ffd95667000 	C:\WINDOWS\system32\ADVAPI32.dll
0x00007ffd97fb0000 - 0x00007ffd9804d000 	C:\WINDOWS\system32\msvcrt.dll
0x00007ffd970c0000 - 0x00007ffd9711b000 	C:\WINDOWS\system32\sechost.dll
0x00007ffd97c30000 - 0x00007ffd97d4c000 	C:\WINDOWS\system32\RPCRT4.dll
0x00007ffd97120000 - 0x00007ffd97276000 	C:\WINDOWS\system32\USER32.dll
0x00007ffd96ec0000 - 0x00007ffd97046000 	C:\WINDOWS\system32\GDI32.dll
0x00007ffd8e560000 - 0x00007ffd8e7d4000 	C:\WINDOWS\WinSxS\amd64_microsoft.windows.common-controls_6595b64144ccf1df_6.0.10586.494_none_a2d8b04ea53e3145\COMCTL32.dll
0x00007ffd972b0000 - 0x00007ffd9752d000 	C:\WINDOWS\system32\combase.dll
0x00007ffd949f0000 - 0x00007ffd94a5a000 	C:\WINDOWS\system32\bcryptPrimitives.dll
0x00007ffd957c0000 - 0x00007ffd957fb000 	C:\WINDOWS\system32\IMM32.DLL
0x0000000054ec0000 - 0x0000000054f92000 	C:\Program Files\Java\jdk1.8.0_73\jre\bin\msvcr100.dll
0x00000000554b0000 - 0x0000000055d40000 	C:\Program Files\Java\jdk1.8.0_73\jre\bin\server\jvm.dll
0x00007ffd953e0000 - 0x00007ffd95403000 	C:\WINDOWS\system32\WINMM.dll
0x00007ffd94790000 - 0x00007ffd947bc000 	C:\WINDOWS\system32\WINMMBASE.dll
0x00007ffd949a0000 - 0x00007ffd949e3000 	C:\WINDOWS\system32\cfgmgr32.dll
0x00007ffd955b0000 - 0x00007ffd955b8000 	C:\WINDOWS\system32\PSAPI.DLL
0x00007ffd8eac0000 - 0x00007ffd8eac9000 	C:\WINDOWS\SYSTEM32\WSOCK32.dll
0x00007ffd8e8b0000 - 0x00007ffd8e8ba000 	C:\WINDOWS\SYSTEM32\VERSION.dll
0x00007ffd97f40000 - 0x00007ffd97fab000 	C:\WINDOWS\system32\WS2_32.dll
0x00000000553c0000 - 0x00000000553cf000 	C:\Program Files\Java\jdk1.8.0_73\jre\bin\verify.dll
0x0000000055390000 - 0x00000000553b9000 	C:\Program Files\Java\jdk1.8.0_73\jre\bin\java.dll
0x0000000055370000 - 0x0000000055386000 	C:\Program Files\Java\jdk1.8.0_73\jre\bin\zip.dll
0x00007ffd95800000 - 0x00007ffd96d5c000 	C:\WINDOWS\system32\SHELL32.dll
0x00007ffd94c50000 - 0x00007ffd95295000 	C:\WINDOWS\system32\windows.storage.dll
0x00007ffd97a70000 - 0x00007ffd97ac2000 	C:\WINDOWS\system32\shlwapi.dll
0x00007ffd94780000 - 0x00007ffd9478f000 	C:\WINDOWS\system32\kernel.appcore.dll
0x00007ffd95430000 - 0x00007ffd954e5000 	C:\WINDOWS\system32\shcore.dll
0x00007ffd95390000 - 0x00007ffd953db000 	C:\WINDOWS\system32\powrprof.dll
0x00007ffd94760000 - 0x00007ffd94774000 	C:\WINDOWS\system32\profapi.dll

VM Arguments:
jvm_args: -Xmx1024M -Dfile.encoding=GBK -Duser.country=CN -Duser.language=zh -Duser.variant 
java_command: com.android.dx.command.Main --dex --output C:\Users\Administrator\AndroidStudioProjects\Beautyacticle-master\app\build\intermediates\pre-dexed\debug\classes-8583d0632103080fbdd9ff0ff45bc0282ebdc420.jar C:\Users\Administrator\AndroidStudioProjects\Beautyacticle-master\app\build\intermediates\exploded-aar\com.android.support\appcompat-v7\22.2.1\jars\classes.jar
java_class_path (initial): F:\Android_Studio_SDK\build-tools\22.0.1\lib\dx.jar
Launcher Type: SUN_STANDARD

Environment Variables:
JAVA_HOME=C:\Program Files\Java\jdk1.8.0_73\
CLASSPATH=.;C:\Program Files\Java\jdk1.8.0_73\\lib\dt.jar;C:\Program Files\Java\jdk1.8.0_73\\lib\tools.jar;
PATH=C:\ProgramData\Oracle\Java\javapath;C:\WINDOWS\system32;C:\WINDOWS;C:\WINDOWS\System32\Wbem;C:\WINDOWS\System32\WindowsPowerShell\v1.0\;C:\Program Files\Java\jdk1.8.0_66\bin;C:\Program Files\Java\jdk1.8.0_66\jre\bin;C:\Python27;C:\Program Files (x86)\Microsoft SQL Server\90\Tools\binn\;C:\Users\Administrator\.dnx\bin;C:\Program Files\Microsoft DNX\Dnvm\;C:\Program Files\TortoiseSVN\bin;C:\Program Files (x86)\NVIDIA Corporation\PhysX\Common;E:\Android_Studio_SDK\platform-tools;E:\Android_Studio_SDK\tools\templates\gradle\wrapper\;C:\Program Files\Android\Android Studio\gradle\gradle-2.10\bin;C:\ProgramData\Oracle\Java\javapath;C:\WINDOWS\system32;C:\WINDOWS;C:\WINDOWS\System32\Wbem;C:\WINDOWS\System32\WindowsPowerShell\v1.0\;C:\Program Files\Java\jdk1.8.0_66\bin;C:\Program Files\Java\jdk1.8.0_66\jre\bin;C:\Program Files\TortoiseSVN\bin;C:\Python27;C:\Program Files (x86)\Microsoft SQL Server\90\Tools\binn\;C:\Users\Administrator\.dnx\bin;C:\Program Files\Microsoft DNX\Dnvm\;D:\GNUstep\GNUstep\System\Tools;D:\GNUstep\bin
USERNAME=Administrator
OS=Windows_NT
PROCESSOR_IDENTIFIER=Intel64 Family 6 Model 60 Stepping 3, GenuineIntel



---------------  S Y S T E M  ---------------

OS: Windows 10.0 , 64 bit Build 10586 (10.0.10586.0)

CPU:total 8 (4 cores per cpu, 2 threads per core) family 6 model 60 stepping 3, cmov, cx8, fxsr, mmx, sse, sse2, sse3, ssse3, sse4.1, sse4.2, popcnt, avx, avx2, aes, clmul, erms, lzcnt, ht, tsc, tscinvbit, bmi1, bmi2

Memory: 4k page, physical 8208440k(696036k free), swap 11878456k(5812k free)

vm_info: Java HotSpot(TM) 64-Bit Server VM (25.73-b02) for windows-amd64 JRE (1.8.0_73-b02), built on Jan 29 2016 17:38:49 by "java_re" with MS VC++ 10.0 (VS2010)

time: Tue Aug 23 16:24:37 2016
elapsed time: 13 seconds (0d 0h 0m 13s)

