#
# A fatal error has been detected by the Java Runtime Environment:
#
#  EXCEPTION_ACCESS_VIOLATION (0xc0000005) at pc=0x00000000555900a0, pid=25864, tid=4000
#
# JRE version: Java(TM) SE Runtime Environment (8.0_73-b02) (build 1.8.0_73-b02)
# Java VM: Java HotSpot(TM) 64-Bit Server VM (25.73-b02 mixed mode windows-amd64 compressed oops)
# Problematic frame:
# V  [jvm.dll+0xe00a0]
#
# Failed to write core dump. Minidumps are not enabled by default on client versions of Windows
#
# If you would like to submit a bug report, please visit:
#   http://bugreport.java.com/bugreport/crash.jsp
#

---------------  T H R E A D  ---------------

Current thread (0x0000000002bbe000):  JavaThread "main" [_thread_in_vm, id=4000, stack(0x0000000002ab0000,0x0000000002bb0000)]

siginfo: ExceptionCode=0xc0000005, writing address 0x0000000011cd0000

Registers:
RAX=0x0000000000000005, RBX=0x0000000002bb19b0, RCX=0x0000000011cd0000, RDX=0x0000000011cd0003
RSP=0x0000000002bac880, RBP=0x00000000000001c8, RSI=0x0000000000000001, RDI=0x0000000000000008
R8 =0x0000000000000001, R9 =0x0000000000000000, R10=0x0000000000000000, R11=0x0000000000000000
R12=0x0000000002bac9a0, R13=0x0000000002bbeab8, R14=0x0000000002baccd0, R15=0x0000000002bbe6e0
RIP=0x00000000555900a0, EFLAGS=0x0000000000010293

Top of Stack: (sp=0x0000000002bac880)
0x0000000002bac880:   0000000002bbeab8 0000000002bb19b0
0x0000000002bac890:   00000000000001c8 0000000000000001
0x0000000002bac8a0:   00000000000001c8 000000005553eea6
0x0000000002bac8b0:   0000000000000001 0000000002bb9b20
0x0000000002bac8c0:   00000000000001c8 0000000002bbe6e0
0x0000000002bac8d0:   0000000002bbc6f0 000000005553cfe2
0x0000000002bac8e0:   0000000000000000 0000000000000000
0x0000000002bac8f0:   00000000000001c8 0000000000000001
0x0000000002bac900:   000000001797a0e0 00000000556dadec
0x0000000002bac910:   0000000000000001 0000000002bbe6d0
0x0000000002bac920:   0000000002bb9b20 0000000002bbd740
0x0000000002bac930:   0000000002bbe6f0 000000001870bab0
0x0000000002bac940:   0000000000000004 000000001870bab0
0x0000000002bac950:   00000000000003d8 0000000002bbeab8
0x0000000002bac960:   0000000002bbe6f0 00000000186b9aa0
0x0000000002bac970:   0000000500000004 000000010000000e 

Instructions: (pc=0x00000000555900a0)
0x0000000055590080:   6a 48 03 8b 80 00 00 00 33 c0 48 8d 14 39 48 3b
0x0000000055590090:   ca 73 22 44 8d 40 01 66 0f 1f 84 00 00 00 00 00
0x00000000555900a0:   88 01 ff c0 48 ff c1 3d ff 00 00 00 41 0f 44 c0
0x00000000555900b0:   48 3b ca 72 eb 48 8b 83 00 01 00 00 8b 8b f8 00 


Register to memory mapping:

RAX=0x0000000000000005 is an unknown value
RBX=0x0000000002bb19b0 is an unknown value
RCX=0x0000000011cd0000 is an unknown value
RDX=0x0000000011cd0003 is an unknown value
RSP=0x0000000002bac880 is pointing into the stack for thread: 0x0000000002bbe000
RBP=0x00000000000001c8 is an unknown value
RSI=0x0000000000000001 is an unknown value
RDI=0x0000000000000008 is an unknown value
R8 =0x0000000000000001 is an unknown value
R9 =0x0000000000000000 is an unknown value
R10=0x0000000000000000 is an unknown value
R11=0x0000000000000000 is an unknown value
R12=0x0000000002bac9a0 is pointing into the stack for thread: 0x0000000002bbe000
R13=0x0000000002bbeab8 is an unknown value
R14=0x0000000002baccd0 is pointing into the stack for thread: 0x0000000002bbe000
R15=0x0000000002bbe6e0 is an unknown value


Stack: [0x0000000002ab0000,0x0000000002bb0000],  sp=0x0000000002bac880,  free space=1010k
Native frames: (J=compiled Java code, j=interpreted, Vv=VM code, C=native code)
V  [jvm.dll+0xe00a0]
V  [jvm.dll+0x8eea6]
V  [jvm.dll+0x8cfe2]
V  [jvm.dll+0x22adec]
V  [jvm.dll+0x12b8da]
V  [jvm.dll+0x12c3a8]
V  [jvm.dll+0x10be81]
V  [jvm.dll+0x10f08c]
V  [jvm.dll+0x1138f7]
V  [jvm.dll+0x113dd5]
V  [jvm.dll+0xba94d]
C  0x0000000002ce3115

Java frames: (J=compiled Java code, j=interpreted, Vv=VM code)
j  sun.misc.FloatingDecimal.<clinit>()V+119
v  ~StubRoutines::call_stub
j  java.lang.Double.toString(D)Ljava/lang/String;+1
j  java.lang.String.valueOf(D)Ljava/lang/String;+1
j  java.security.Provider.putId()V+21
j  java.security.Provider.<init>(Ljava/lang/String;DLjava/lang/String;)V+31
j  sun.security.jca.ProviderList$1.<init>(Ljava/lang/String;DLjava/lang/String;)V+5
j  sun.security.jca.ProviderList.<clinit>()V+47
v  ~StubRoutines::call_stub
j  sun.security.jca.Providers.<clinit>()V+10
v  ~StubRoutines::call_stub
j  sun.security.jca.GetInstance.getInstance(Ljava/lang/String;Ljava/lang/Class;Ljava/lang/String;)Lsun/security/jca/GetInstance$Instance;+0
j  java.security.Security.getImpl(Ljava/lang/String;Ljava/lang/String;Ljava/lang/String;)[Ljava/lang/Object;+10
j  java.security.MessageDigest.getInstance(Ljava/lang/String;)Ljava/security/MessageDigest;+7
j  com.android.dx.dex.file.DexFile.calcSignature([B)V+2
j  com.android.dx.dex.file.DexFile.toDex0(ZZ)Lcom/android/dx/util/ByteArrayAnnotatedOutput;+464
j  com.android.dx.dex.file.DexFile.toDex(Ljava/io/Writer;Z)[B+13
j  com.android.dx.command.dexer.Main.writeDex()[B+50
j  com.android.dx.command.dexer.Main.runMonoDex()I+103
j  com.android.dx.command.dexer.Main.run(Lcom/android/dx/command/dexer/Main$Arguments;)I+76
j  com.android.dx.command.dexer.Main.main([Ljava/lang/String;)V+14
j  com.android.dx.command.Main.main([Ljava/lang/String;)V+61
v  ~StubRoutines::call_stub

---------------  P R O C E S S  ---------------

Java Threads: ( => current thread )
  0x00000000178bf000 JavaThread "Service Thread" daemon [_thread_blocked, id=2760, stack(0x0000000018220000,0x0000000018320000)]
  0x00000000178af800 JavaThread "C1 CompilerThread3" daemon [_thread_blocked, id=20780, stack(0x0000000018120000,0x0000000018220000)]
  0x00000000178aa800 JavaThread "C2 CompilerThread2" daemon [_thread_blocked, id=12808, stack(0x0000000018020000,0x0000000018120000)]
  0x00000000178a8800 JavaThread "C2 CompilerThread1" daemon [_thread_blocked, id=25016, stack(0x0000000017f20000,0x0000000018020000)]
  0x00000000178a5000 JavaThread "C2 CompilerThread0" daemon [_thread_blocked, id=3916, stack(0x0000000017e20000,0x0000000017f20000)]
  0x00000000178a2800 JavaThread "Attach Listener" daemon [_thread_blocked, id=15160, stack(0x0000000017d20000,0x0000000017e20000)]
  0x0000000017857800 JavaThread "Signal Dispatcher" daemon [_thread_blocked, id=7908, stack(0x0000000017c20000,0x0000000017d20000)]
  0x0000000002cb3800 JavaThread "Finalizer" daemon [_thread_blocked, id=6340, stack(0x00000000176c0000,0x00000000177c0000)]
  0x0000000002cb2000 JavaThread "Reference Handler" daemon [_thread_blocked, id=4264, stack(0x00000000175c0000,0x00000000176c0000)]
=>0x0000000002bbe000 JavaThread "main" [_thread_in_vm, id=4000, stack(0x0000000002ab0000,0x0000000002bb0000)]

Other Threads:
  0x00000000157d9800 VMThread [stack: 0x00000000174c0000,0x00000000175c0000] [id=26596]
  0x00000000178c3000 WatcherThread [stack: 0x0000000018320000,0x0000000018420000] [id=30072]

VM state:not at safepoint (normal execution)

VM Mutex/Monitor currently owned by a thread:  ([mutex/lock_event])
[0x0000000002bbc6f0] CodeCache_lock - owner thread: 0x0000000002bbe000
[0x0000000002bbd740] AdapterHandlerLibrary_lock - owner thread: 0x0000000002bbe000

Heap:
 PSYoungGen      total 37888K, used 15088K [0x00000000eab00000, 0x00000000ed500000, 0x0000000100000000)
  eden space 32768K, 46% used [0x00000000eab00000,0x00000000eb9bc178,0x00000000ecb00000)
  from space 5120K, 0% used [0x00000000ed000000,0x00000000ed000000,0x00000000ed500000)
  to   space 5120K, 0% used [0x00000000ecb00000,0x00000000ecb00000,0x00000000ed000000)
 ParOldGen       total 86016K, used 0K [0x00000000c0000000, 0x00000000c5400000, 0x00000000eab00000)
  object space 86016K, 0% used [0x00000000c0000000,0x00000000c0000000,0x00000000c5400000)
 Metaspace       used 5886K, capacity 6960K, committed 7040K, reserved 1056768K
  class space    used 598K, capacity 616K, committed 640K, reserved 1048576K

Card table byte_map: [0x0000000012080000,0x0000000012290000] byte_map_base: 0x0000000011a80000

Marking Bits: (ParMarkBitMap*) 0x0000000055cc0600
 Begin Bits: [0x0000000012bf0000, 0x0000000013bf0000)
 End Bits:   [0x0000000013bf0000, 0x0000000014bf0000)

Polling page: 0x0000000000fa0000

CodeCache: size=245760Kb used=4084Kb max_used=4084Kb free=241675Kb
 bounds [0x0000000002cc0000, 0x00000000030d0000, 0x0000000011cc0000]
 total_blobs=1300 nmethods=1026 adapters=185
 compilation: disabled (not enough contiguous free space left)

Compilation events (10 events):
Event: 2.854 Thread 0x00000000178af800 nmethod 1024 0x00000000030bf850 code [0x00000000030bf9e0, 0x00000000030bfd78]
Event: 2.854 Thread 0x00000000178a5000 nmethod 1022 0x0000000003072c90 code [0x0000000003072dc0, 0x0000000003072e18]
Event: 2.854 Thread 0x00000000178af800 1023       3       com.android.dx.util.ByteArrayAnnotatedOutput::writeUleb128 (34 bytes)
Event: 2.854 Thread 0x00000000178af800 nmethod 1023 0x00000000030bf3d0 code [0x00000000030bf540, 0x00000000030bf778]
Event: 2.854 Thread 0x00000000178af800 1026       3       com.android.dx.dex.file.DebugInfoEncoder::emitLocalsAtAddress (150 bytes)
Event: 2.856 Thread 0x00000000178af800 nmethod 1026 0x00000000030bd510 code [0x00000000030bd7a0, 0x00000000030beb88]
Event: 2.856 Thread 0x00000000178af800 1027       3       com.android.dx.dex.code.DalvCode::finishProcessingIfNecessary (69 bytes)
Event: 2.857 Thread 0x00000000178af800 nmethod 1027 0x00000000030bcd50 code [0x00000000030bcf00, 0x00000000030bd358]
Event: 2.857 Thread 0x00000000178af800 1025       1       com.android.dx.dex.file.Section::getFile (5 bytes)
Event: 2.858 Thread 0x00000000178af800 


GC Heap History (0 events):
No events

Deoptimization events (7 events):
Event: 1.232 Thread 0x0000000002bbe000 Uncommon trap: reason=unstable_if action=reinterpret pc=0x0000000002e20e84 method=java.lang.String.replace(CC)Ljava/lang/String; @ 26
Event: 1.658 Thread 0x0000000002bbe000 Uncommon trap: reason=unstable_if action=reinterpret pc=0x0000000002eef3b0 method=java.util.BitSet.nextSetBit(I)I @ 87
Event: 2.193 Thread 0x0000000002bbe000 Uncommon trap: reason=unstable_if action=reinterpret pc=0x000000000301da38 method=com.android.dx.rop.code.RegisterSpec.equals(ILcom/android/dx/rop/type/TypeBearer;Lcom/android/dx/rop/code/LocalItem;)Z @ 42
Event: 2.520 Thread 0x0000000002bbe000 Uncommon trap: reason=bimorphic action=maybe_recompile pc=0x0000000003087e94 method=java.util.HashMap.putVal(ILjava/lang/Object;Ljava/lang/Object;ZZ)Ljava/lang/Object; @ 203
Event: 2.521 Thread 0x0000000002bbe000 Uncommon trap: reason=bimorphic action=maybe_recompile pc=0x0000000003087e94 method=java.util.HashMap.putVal(ILjava/lang/Object;Ljava/lang/Object;ZZ)Ljava/lang/Object; @ 203
Event: 2.521 Thread 0x0000000002bbe000 Uncommon trap: reason=bimorphic action=maybe_recompile pc=0x0000000003087e94 method=java.util.HashMap.putVal(ILjava/lang/Object;Ljava/lang/Object;ZZ)Ljava/lang/Object; @ 203
Event: 2.521 Thread 0x0000000002bbe000 Uncommon trap: reason=bimorphic action=maybe_recompile pc=0x0000000003087e94 method=java.util.HashMap.putVal(ILjava/lang/Object;Ljava/lang/Object;ZZ)Ljava/lang/Object; @ 203

Internal exceptions (2 events):
Event: 0.073 Thread 0x0000000002bbe000 Exception <a 'java/lang/NoSuchMethodError': Method sun.misc.Unsafe.defineClass(Ljava/lang/String;[BII)Ljava/lang/Class; name or signature does not match> (0x00000000eab13120) thrown at [D:\re\puppet\workspace\8-2-build-windows-amd64-cygwin\jdk8u73\6086\hot|ƒ^—²?
Event: 0.073 Thread 0x0000000002bbe000 Exception <a 'java/lang/NoSuchMethodError': Method sun.misc.Unsafe.prefetchRead(Ljava/lang/Object;J)V name or signature does not match> (0x00000000eab13408) thrown at [D:\re\puppet\workspace\8-2-build-windows-amd64-cygwin\jdk8u73\6086\hotspot\src\share\vm\

Events (10 events):
Event: 2.876 loading class sun/misc/FloatingDecimal$BinaryToASCIIConverter done
Event: 2.876 loading class sun/misc/FloatingDecimal$ExceptionalBinaryToASCIIBuffer done
Event: 2.876 loading class sun/misc/FloatingDecimal$BinaryToASCIIBuffer
Event: 2.876 loading class sun/misc/FloatingDecimal$BinaryToASCIIBuffer done
Event: 2.876 loading class sun/misc/FloatingDecimal$1
Event: 2.876 loading class sun/misc/FloatingDecimal$1 done
Event: 2.876 loading class sun/misc/FloatingDecimal$PreparedASCIIToBinaryBuffer
Event: 2.876 loading class sun/misc/FloatingDecimal$ASCIIToBinaryConverter
Event: 2.876 loading class sun/misc/FloatingDecimal$ASCIIToBinaryConverter done
Event: 2.876 loading class sun/misc/FloatingDecimal$PreparedASCIIToBinaryBuffer done


Dynamic libraries:
0x00007ff7cafa0000 - 0x00007ff7cafd7000 	C:\Program Files\Java\jdk1.8.0_73\bin\java.exe
0x00007ffd98370000 - 0x00007ffd98531000 	C:\WINDOWS\SYSTEM32\ntdll.dll
0x00007ffd96d60000 - 0x00007ffd96e0d000 	C:\WINDOWS\system32\KERNEL32.DLL
0x00007ffd94a60000 - 0x00007ffd94c48000 	C:\WINDOWS\system32\KERNELBASE.dll
0x00007ffd955c0000 - 0x00007ffd95667000 	C:\WINDOWS\system32\ADVAPI32.dll
0x00007ffd97fb0000 - 0x00007ffd9804d000 	C:\WINDOWS\system32\msvcrt.dll
0x00007ffd970c0000 - 0x00007ffd9711b000 	C:\WINDOWS\system32\sechost.dll
0x00007ffd97c30000 - 0x00007ffd97d4c000 	C:\WINDOWS\system32\RPCRT4.dll
0x00007ffd97120000 - 0x00007ffd97276000 	C:\WINDOWS\system32\USER32.dll
0x00007ffd96ec0000 - 0x00007ffd97046000 	C:\WINDOWS\system32\GDI32.dll
0x00007ffd8e560000 - 0x00007ffd8e7d4000 	C:\WINDOWS\WinSxS\amd64_microsoft.windows.common-controls_6595b64144ccf1df_6.0.10586.494_none_a2d8b04ea53e3145\COMCTL32.dll
0x00007ffd972b0000 - 0x00007ffd9752d000 	C:\WINDOWS\system32\combase.dll
0x00007ffd949f0000 - 0x00007ffd94a5a000 	C:\WINDOWS\system32\bcryptPrimitives.dll
0x00007ffd957c0000 - 0x00007ffd957fb000 	C:\WINDOWS\system32\IMM32.DLL
0x0000000054ec0000 - 0x0000000054f92000 	C:\Program Files\Java\jdk1.8.0_73\jre\bin\msvcr100.dll
0x00000000554b0000 - 0x0000000055d40000 	C:\Program Files\Java\jdk1.8.0_73\jre\bin\server\jvm.dll
0x00007ffd953e0000 - 0x00007ffd95403000 	C:\WINDOWS\system32\WINMM.dll
0x00007ffd94790000 - 0x00007ffd947bc000 	C:\WINDOWS\system32\WINMMBASE.dll
0x00007ffd949a0000 - 0x00007ffd949e3000 	C:\WINDOWS\system32\cfgmgr32.dll
0x00007ffd955b0000 - 0x00007ffd955b8000 	C:\WINDOWS\system32\PSAPI.DLL
0x00007ffd8eac0000 - 0x00007ffd8eac9000 	C:\WINDOWS\SYSTEM32\WSOCK32.dll
0x00007ffd97f40000 - 0x00007ffd97fab000 	C:\WINDOWS\system32\WS2_32.dll
0x00007ffd8e8b0000 - 0x00007ffd8e8ba000 	C:\WINDOWS\SYSTEM32\VERSION.dll
0x00000000553c0000 - 0x00000000553cf000 	C:\Program Files\Java\jdk1.8.0_73\jre\bin\verify.dll
0x0000000055390000 - 0x00000000553b9000 	C:\Program Files\Java\jdk1.8.0_73\jre\bin\java.dll
0x0000000055370000 - 0x0000000055386000 	C:\Program Files\Java\jdk1.8.0_73\jre\bin\zip.dll
0x00007ffd95800000 - 0x00007ffd96d5c000 	C:\WINDOWS\system32\SHELL32.dll
0x00007ffd94c50000 - 0x00007ffd95295000 	C:\WINDOWS\system32\windows.storage.dll
0x00007ffd97a70000 - 0x00007ffd97ac2000 	C:\WINDOWS\system32\shlwapi.dll
0x00007ffd94780000 - 0x00007ffd9478f000 	C:\WINDOWS\system32\kernel.appcore.dll
0x00007ffd95430000 - 0x00007ffd954e5000 	C:\WINDOWS\system32\shcore.dll
0x00007ffd95390000 - 0x00007ffd953db000 	C:\WINDOWS\system32\powrprof.dll
0x00007ffd94760000 - 0x00007ffd94774000 	C:\WINDOWS\system32\profapi.dll
0x00007ffd83000000 - 0x00007ffd8318c000 	C:\WINDOWS\SYSTEM32\dbghelp.dll

VM Arguments:
jvm_args: -Xmx1024M -Dfile.encoding=GBK -Duser.country=CN -Duser.language=zh -Duser.variant 
java_command: com.android.dx.command.Main --dex --output C:\Users\Administrator\AndroidStudioProjects\Beautyacticle-master\app\build\intermediates\pre-dexed\debug\classes-509f4476d7e3b84deb0c151fcb46b7e7c82aaa2d.jar C:\Users\Administrator\AndroidStudioProjects\Beautyacticle-master\app\build\intermediates\exploded-aar\com.android.support\support-v13\22.2.1\jars\classes.jar
java_class_path (initial): F:\Android_Studio_SDK\build-tools\22.0.1\lib\dx.jar
Launcher Type: SUN_STANDARD

Environment Variables:
JAVA_HOME=C:\Program Files\Java\jdk1.8.0_73\
CLASSPATH=.;C:\Program Files\Java\jdk1.8.0_73\\lib\dt.jar;C:\Program Files\Java\jdk1.8.0_73\\lib\tools.jar;
PATH=C:\ProgramData\Oracle\Java\javapath;C:\WINDOWS\system32;C:\WINDOWS;C:\WINDOWS\System32\Wbem;C:\WINDOWS\System32\WindowsPowerShell\v1.0\;C:\Program Files\Java\jdk1.8.0_66\bin;C:\Program Files\Java\jdk1.8.0_66\jre\bin;C:\Python27;C:\Program Files (x86)\Microsoft SQL Server\90\Tools\binn\;C:\Users\Administrator\.dnx\bin;C:\Program Files\Microsoft DNX\Dnvm\;C:\Program Files\TortoiseSVN\bin;C:\Program Files (x86)\NVIDIA Corporation\PhysX\Common;E:\Android_Studio_SDK\platform-tools;E:\Android_Studio_SDK\tools\templates\gradle\wrapper\;C:\Program Files\Android\Android Studio\gradle\gradle-2.10\bin;C:\ProgramData\Oracle\Java\javapath;C:\WINDOWS\system32;C:\WINDOWS;C:\WINDOWS\System32\Wbem;C:\WINDOWS\System32\WindowsPowerShell\v1.0\;C:\Program Files\Java\jdk1.8.0_66\bin;C:\Program Files\Java\jdk1.8.0_66\jre\bin;C:\Program Files\TortoiseSVN\bin;C:\Python27;C:\Program Files (x86)\Microsoft SQL Server\90\Tools\binn\;C:\Users\Administrator\.dnx\bin;C:\Program Files\Microsoft DNX\Dnvm\;D:\GNUstep\GNUstep\System\Tools;D:\GNUstep\bin
USERNAME=Administrator
OS=Windows_NT
PROCESSOR_IDENTIFIER=Intel64 Family 6 Model 60 Stepping 3, GenuineIntel



---------------  S Y S T E M  ---------------

OS: Windows 10.0 , 64 bit Build 10586 (10.0.10586.0)

CPU:total 8 (4 cores per cpu, 2 threads per core) family 6 model 60 stepping 3, cmov, cx8, fxsr, mmx, sse, sse2, sse3, ssse3, sse4.1, sse4.2, popcnt, avx, avx2, aes, clmul, erms, lzcnt, ht, tsc, tscinvbit, bmi1, bmi2

Memory: 4k page, physical 8208440k(1344508k free), swap 11878456k(1110664k free)

vm_info: Java HotSpot(TM) 64-Bit Server VM (25.73-b02) for windows-amd64 JRE (1.8.0_73-b02), built on Jan 29 2016 17:38:49 by "java_re" with MS VC++ 10.0 (VS2010)

time: Tue Aug 23 16:24:37 2016
elapsed time: 2 seconds (0d 0h 0m 2s)

