#
# There is insufficient memory for the Java Runtime Environment to continue.
# Native memory allocation (malloc) failed to allocate 1624656 bytes for Chunk::new
# Possible reasons:
#   The system is out of physical RAM or swap space
#   In 32 bit mode, the process size limit was hit
# Possible solutions:
#   Reduce memory load on the system
#   Increase physical memory or swap space
#   Check if swap backing store is full
#   Use 64 bit Java on a 64 bit OS
#   Decrease Java heap size (-Xmx/-Xms)
#   Decrease number of Java threads
#   Decrease Java thread stack sizes (-Xss)
#   Set larger code cache with -XX:ReservedCodeCacheSize=
# This output file may be truncated or incomplete.
#
#  Out of Memory Error (allocation.cpp:390), pid=2612, tid=17776
#
# JRE version: Java(TM) SE Runtime Environment (8.0_73-b02) (build 1.8.0_73-b02)
# Java VM: Java HotSpot(TM) 64-Bit Server VM (25.73-b02 mixed mode windows-amd64 compressed oops)
# Failed to write core dump. Minidumps are not enabled by default on client versions of Windows
#

---------------  T H R E A D  ---------------

Current thread (0x0000000018062000):  JavaThread "C2 CompilerThread1" daemon [_thread_in_native, id=17776, stack(0x0000000018680000,0x0000000018780000)]

Stack: [0x0000000018680000,0x0000000018780000]
[error occurred during error reporting (printing stack bounds), id 0xc0000005]

Native frames: (J=compiled Java code, j=interpreted, Vv=VM code, C=native code)


Current CompileTask:
C2:  12237 1904   !   4       com.android.dx.cf.code.BytecodeArray::parseInstruction (2764 bytes)


---------------  P R O C E S S  ---------------

Java Threads: ( => current thread )
  0x000000001806f000 JavaThread "Service Thread" daemon [_thread_blocked, id=26968, stack(0x0000000018980000,0x0000000018a80000)]
  0x0000000018066800 JavaThread "C1 CompilerThread3" daemon [_thread_blocked, id=20380, stack(0x0000000018880000,0x0000000018980000)]
  0x0000000018064000 JavaThread "C2 CompilerThread2" daemon [_thread_blocked, id=13424, stack(0x0000000018780000,0x0000000018880000)]
=>0x0000000018062000 JavaThread "C2 CompilerThread1" daemon [_thread_in_native, id=17776, stack(0x0000000018680000,0x0000000018780000)]
  0x0000000018003800 JavaThread "C2 CompilerThread0" daemon [_thread_in_native, id=23396, stack(0x0000000018580000,0x0000000018680000)]
  0x0000000018001800 JavaThread "Attach Listener" daemon [_thread_blocked, id=5776, stack(0x0000000018480000,0x0000000018580000)]
  0x0000000017fb7800 JavaThread "Signal Dispatcher" daemon [_thread_blocked, id=3204, stack(0x0000000018380000,0x0000000018480000)]
  0x0000000003463800 JavaThread "Finalizer" daemon [_thread_blocked, id=8816, stack(0x0000000017e80000,0x0000000017f80000)]
  0x0000000015f8d000 JavaThread "Reference Handler" daemon [_thread_blocked, id=5168, stack(0x0000000017d80000,0x0000000017e80000)]
  0x000000000316e000 JavaThread "main" [_thread_in_Java, id=24928, stack(0x0000000003170000,0x0000000003270000)]

Other Threads:
  0x0000000015f88800 VMThread [stack: 0x0000000017c80000,0x0000000017d80000] [id=20816]
  0x00000000180bb000 WatcherThread [stack: 0x0000000018a80000,0x0000000018b80000] [id=29252]

VM state:not at safepoint (normal execution)

VM Mutex/Monitor currently owned by a thread: None

Heap:
 PSYoungGen      total 70656K, used 52258K [0x00000000eab00000, 0x00000000f3500000, 0x0000000100000000)
  eden space 65536K, 71% used [0x00000000eab00000,0x00000000ed90fd18,0x00000000eeb00000)
  from space 5120K, 99% used [0x00000000eeb00000,0x00000000eeff8c08,0x00000000ef000000)
  to   space 5120K, 0% used [0x00000000f3000000,0x00000000f3000000,0x00000000f3500000)
 ParOldGen       total 86016K, used 18838K [0x00000000c0000000, 0x00000000c5400000, 0x00000000eab00000)
  object space 86016K, 21% used [0x00000000c0000000,0x00000000c1265bb8,0x00000000c5400000)
 Metaspace       used 5999K, capacity 7088K, committed 7296K, reserved 1056768K
  class space    used 570K, capacity 616K, committed 640K, reserved 1048576K

Card table byte_map: [0x0000000012830000,0x0000000012a40000] byte_map_base: 0x0000000012230000

Marking Bits: (ParMarkBitMap*) 0x0000000055cc0600
 Begin Bits: [0x00000000133a0000, 0x00000000143a0000)
 End Bits:   [0x00000000143a0000, 0x00000000153a0000)

Polling page: 0x0000000002d50000

CodeCache: size=245760Kb used=9258Kb max_used=9272Kb free=236501Kb
 bounds [0x0000000003470000, 0x0000000003d90000, 0x0000000012470000]
 total_blobs=2165 nmethods=1898 adapters=180
 compilation: enabled

Compilation events (10 events):
Event: 12.009 Thread 0x0000000018066800 nmethod 1908 0x0000000003d49710 code [0x0000000003d49860, 0x0000000003d49970]
Event: 12.110 Thread 0x0000000018064000 nmethod 1876 0x0000000003d74f10 code [0x0000000003d75540, 0x0000000003d7a890]
Event: 12.111 Thread 0x0000000018064000 1906       4       com.android.dx.dex.code.RopTranslator::pickOrder (400 bytes)
Event: 12.112 Thread 0x0000000018003800 nmethod 1870 0x0000000003d81350 code [0x0000000003d81740, 0x0000000003d84580]
Event: 12.113 Thread 0x0000000018003800 1902       4       com.android.dx.ssa.back.FirstFitLocalCombiningAllocator::handleNormalUnassociated (99 bytes)
Event: 12.148 Thread 0x0000000018003800 nmethod 1902 0x0000000003d71490 code [0x0000000003d716e0, 0x0000000003d72d90]
Event: 12.148 Thread 0x0000000018003800 1907       4       com.android.dx.ssa.SsaConverter::edgeSplitMoveExceptionsAndResults (157 bytes)
Event: 12.186 Thread 0x0000000018064000 nmethod 1906 0x0000000003d6dc10 code [0x0000000003d6de20, 0x0000000003d6f838]
Event: 12.186 Thread 0x0000000018064000 1886       4       com.android.dx.ssa.SsaMethod::onInsnRemoved (43 bytes)
Event: 12.218 Thread 0x0000000018064000 nmethod 1886 0x0000000003d55650 code [0x0000000003d55800, 0x0000000003d561f8]

GC Heap History (6 events):
Event: 6.910 GC heap before
{Heap before GC invocations=1 (full 0):
 PSYoungGen      total 37888K, used 32768K [0x00000000eab00000, 0x00000000ed500000, 0x0000000100000000)
  eden space 32768K, 100% used [0x00000000eab00000,0x00000000ecb00000,0x00000000ecb00000)
  from space 5120K, 0% used [0x00000000ed000000,0x00000000ed000000,0x00000000ed500000)
  to   space 5120K, 0% used [0x00000000ecb00000,0x00000000ecb00000,0x00000000ed000000)
 ParOldGen       total 86016K, used 0K [0x00000000c0000000, 0x00000000c5400000, 0x00000000eab00000)
  object space 86016K, 0% used [0x00000000c0000000,0x00000000c0000000,0x00000000c5400000)
 Metaspace       used 5806K, capacity 6960K, committed 7040K, reserved 1056768K
  class space    used 569K, capacity 616K, committed 640K, reserved 1048576K
Event: 7.360 GC heap after
Heap after GC invocations=1 (full 0):
 PSYoungGen      total 37888K, used 5090K [0x00000000eab00000, 0x00000000ef500000, 0x0000000100000000)
  eden space 32768K, 0% used [0x00000000eab00000,0x00000000eab00000,0x00000000ecb00000)
  from space 5120K, 99% used [0x00000000ecb00000,0x00000000ecff8ac8,0x00000000ed000000)
  to   space 5120K, 0% used [0x00000000ef000000,0x00000000ef000000,0x00000000ef500000)
 ParOldGen       total 86016K, used 2157K [0x00000000c0000000, 0x00000000c5400000, 0x00000000eab00000)
  object space 86016K, 2% used [0x00000000c0000000,0x00000000c021b5b8,0x00000000c5400000)
 Metaspace       used 5806K, capacity 6960K, committed 7040K, reserved 1056768K
  class space    used 569K, capacity 616K, committed 640K, reserved 1048576K
}
Event: 8.848 GC heap before
{Heap before GC invocations=2 (full 0):
 PSYoungGen      total 37888K, used 37858K [0x00000000eab00000, 0x00000000ef500000, 0x0000000100000000)
  eden space 32768K, 100% used [0x00000000eab00000,0x00000000ecb00000,0x00000000ecb00000)
  from space 5120K, 99% used [0x00000000ecb00000,0x00000000ecff8ac8,0x00000000ed000000)
  to   space 5120K, 0% used [0x00000000ef000000,0x00000000ef000000,0x00000000ef500000)
 ParOldGen       total 86016K, used 2157K [0x00000000c0000000, 0x00000000c5400000, 0x00000000eab00000)
  object space 86016K, 2% used [0x00000000c0000000,0x00000000c021b5b8,0x00000000c5400000)
 Metaspace       used 5898K, capacity 7024K, committed 7296K, reserved 1056768K
  class space    used 570K, capacity 616K, committed 640K, reserved 1048576K
Event: 9.017 GC heap after
Heap after GC invocations=2 (full 0):
 PSYoungGen      total 70656K, used 5118K [0x00000000eab00000, 0x00000000ef500000, 0x0000000100000000)
  eden space 65536K, 0% used [0x00000000eab00000,0x00000000eab00000,0x00000000eeb00000)
  from space 5120K, 99% used [0x00000000ef000000,0x00000000ef4ff988,0x00000000ef500000)
  to   space 5120K, 0% used [0x00000000eeb00000,0x00000000eeb00000,0x00000000ef000000)
 ParOldGen       total 86016K, used 7762K [0x00000000c0000000, 0x00000000c5400000, 0x00000000eab00000)
  object space 86016K, 9% used [0x00000000c0000000,0x00000000c0794920,0x00000000c5400000)
 Metaspace       used 5898K, capacity 7024K, committed 7296K, reserved 1056768K
  class space    used 570K, capacity 616K, committed 640K, reserved 1048576K
}
Event: 11.081 GC heap before
{Heap before GC invocations=3 (full 0):
 PSYoungGen      total 70656K, used 70654K [0x00000000eab00000, 0x00000000ef500000, 0x0000000100000000)
  eden space 65536K, 100% used [0x00000000eab00000,0x00000000eeb00000,0x00000000eeb00000)
  from space 5120K, 99% used [0x00000000ef000000,0x00000000ef4ff988,0x00000000ef500000)
  to   space 5120K, 0% used [0x00000000eeb00000,0x00000000eeb00000,0x00000000ef000000)
 ParOldGen       total 86016K, used 7762K [0x00000000c0000000, 0x00000000c5400000, 0x00000000eab00000)
  object space 86016K, 9% used [0x00000000c0000000,0x00000000c0794920,0x00000000c5400000)
 Metaspace       used 5978K, capacity 7088K, committed 7296K, reserved 1056768K
  class space    used 570K, capacity 616K, committed 640K, reserved 1048576K
Event: 11.151 GC heap after
Heap after GC invocations=3 (full 0):
 PSYoungGen      total 70656K, used 5091K [0x00000000eab00000, 0x00000000f3500000, 0x0000000100000000)
  eden space 65536K, 0% used [0x00000000eab00000,0x00000000eab00000,0x00000000eeb00000)
  from space 5120K, 99% used [0x00000000eeb00000,0x00000000eeff8c08,0x00000000ef000000)
  to   space 5120K, 0% used [0x00000000f3000000,0x00000000f3000000,0x00000000f3500000)
 ParOldGen       total 86016K, used 18838K [0x00000000c0000000, 0x00000000c5400000, 0x00000000eab00000)
  object space 86016K, 21% used [0x00000000c0000000,0x00000000c1265bb8,0x00000000c5400000)
 Metaspace       used 5978K, capacity 7088K, committed 7296K, reserved 1056768K
  class space    used 570K, capacity 616K, committed 640K, reserved 1048576K
}

Deoptimization events (10 events):
Event: 11.184 Thread 0x000000000316e000 Uncommon trap: reason=bimorphic action=maybe_recompile pc=0x0000000003b95a38 method=com.android.dx.rop.code.RegisterSpec.withSimpleType()Lcom/android/dx/rop/code/RegisterSpec; @ 21
Event: 11.184 Thread 0x000000000316e000 Uncommon trap: reason=bimorphic action=maybe_recompile pc=0x0000000003b95a38 method=com.android.dx.rop.code.RegisterSpec.withSimpleType()Lcom/android/dx/rop/code/RegisterSpec; @ 21
Event: 11.185 Thread 0x000000000316e000 Uncommon trap: reason=bimorphic action=maybe_recompile pc=0x0000000003929768 method=java.util.HashMap.putVal(ILjava/lang/Object;Ljava/lang/Object;ZZ)Ljava/lang/Object; @ 91
Event: 11.186 Thread 0x000000000316e000 Uncommon trap: reason=bimorphic action=maybe_recompile pc=0x0000000003b23ab8 method=com.android.dx.ssa.SCCP.simulatePhi(Lcom/android/dx/ssa/PhiInsn;)V @ 124
Event: 11.412 Thread 0x000000000316e000 Uncommon trap: reason=class_check action=maybe_recompile pc=0x0000000003cbe004 method=com.android.dx.cf.code.BytecodeArray.parseInstruction(ILcom/android/dx/cf/code/BytecodeArray$Visitor;)I @ 1417
Event: 11.413 Thread 0x000000000316e000 Uncommon trap: reason=class_check action=maybe_recompile pc=0x0000000003cbe004 method=com.android.dx.cf.code.BytecodeArray.parseInstruction(ILcom/android/dx/cf/code/BytecodeArray$Visitor;)I @ 1417
Event: 11.844 Thread 0x000000000316e000 Uncommon trap: reason=unstable_if action=reinterpret pc=0x0000000003a4d2c0 method=com.android.dx.rop.code.LocalItem.compareHandlesNulls(Lcom/android/dx/rop/cst/CstString;Lcom/android/dx/rop/cst/CstString;)I @ 14
Event: 11.939 Thread 0x000000000316e000 Uncommon trap: reason=unstable_if action=reinterpret pc=0x0000000003a32144 method=com.android.dx.rop.code.LocalItem.compareHandlesNulls(Lcom/android/dx/rop/cst/CstString;Lcom/android/dx/rop/cst/CstString;)I @ 14
Event: 11.987 Thread 0x000000000316e000 Uncommon trap: reason=class_check action=maybe_recompile pc=0x0000000003cbe004 method=com.android.dx.cf.code.BytecodeArray.parseInstruction(ILcom/android/dx/cf/code/BytecodeArray$Visitor;)I @ 1417
Event: 11.995 Thread 0x000000000316e000 Uncommon trap: reason=class_check action=maybe_recompile pc=0x0000000003cbe004 method=com.android.dx.cf.code.BytecodeArray.parseInstruction(ILcom/android/dx/cf/code/BytecodeArray$Visitor;)I @ 1417

Internal exceptions (5 events):
Event: 1.478 Thread 0x000000000316e000 Exception <a 'java/lang/NoSuchMethodError': Method sun.misc.Unsafe.defineClass(Ljava/lang/String;[BII)Ljava/lang/Class; name or signature does not match> (0x00000000eab13120) thrown at [D:\re\puppet\workspace\8-2-build-windows-amd64-cygwin\jdk8u73\6086\hotäwêžÅ¤÷?
Event: 1.478 Thread 0x000000000316e000 Exception <a 'java/lang/NoSuchMethodError': Method sun.misc.Unsafe.prefetchRead(Ljava/lang/Object;J)V name or signature does not match> (0x00000000eab13408) thrown at [D:\re\puppet\workspace\8-2-build-windows-amd64-cygwin\jdk8u73\6086\hotspot\src\share\vm\-÷–³$@
Event: 10.350 Thread 0x000000000316e000 Implicit null exception at 0x00000000039b9aa4 to 0x00000000039bbdc1
Event: 11.844 Thread 0x000000000316e000 Implicit null exception at 0x0000000003a4b968 to 0x0000000003a4d28d
Event: 11.939 Thread 0x000000000316e000 Implicit null exception at 0x0000000003a3064b to 0x0000000003a3211d

Events (10 events):
Event: 11.844 Thread 0x000000000316e000 DEOPT UNPACKING pc=0x00000000034b582a sp=0x000000000326e6f8 mode 2
Event: 11.939 Thread 0x000000000316e000 Uncommon trap: trap_request=0xffffff65 fr.pc=0x0000000003a32144
Event: 11.939 Thread 0x000000000316e000 DEOPT PACKING pc=0x0000000003a32144 sp=0x000000000326e920
Event: 11.939 Thread 0x000000000316e000 DEOPT UNPACKING pc=0x00000000034b582a sp=0x000000000326e718 mode 2
Event: 11.987 Thread 0x000000000316e000 Uncommon trap: trap_request=0xffffffde fr.pc=0x0000000003cbe004
Event: 11.987 Thread 0x000000000316e000 DEOPT PACKING pc=0x0000000003cbe004 sp=0x000000000326e9c0
Event: 11.987 Thread 0x000000000316e000 DEOPT UNPACKING pc=0x00000000034b582a sp=0x000000000326e978 mode 2
Event: 11.995 Thread 0x000000000316e000 Uncommon trap: trap_request=0xffffffde fr.pc=0x0000000003cbe004
Event: 11.995 Thread 0x000000000316e000 DEOPT PACKING pc=0x0000000003cbe004 sp=0x000000000326e9c0
Event: 11.995 Thread 0x000000000316e000 DEOPT UNPACKING pc=0x00000000034b582a sp=0x000000000326e978 mode 2


Dynamic libraries:
0x00007ff7cafa0000 - 0x00007ff7cafd7000 	C:\Program Files\Java\jdk1.8.0_73\bin\java.exe
0x00007ffd98370000 - 0x00007ffd98531000 	C:\WINDOWS\SYSTEM32\ntdll.dll
0x00007ffd96d60000 - 0x00007ffd96e0d000 	C:\WINDOWS\system32\KERNEL32.DLL
0x00007ffd94a60000 - 0x00007ffd94c48000 	C:\WINDOWS\system32\KERNELBASE.dll
0x00007ffd955c0000 - 0x00007ffd95667000 	C:\WINDOWS\system32\ADVAPI32.dll
0x00007ffd97fb0000 - 0x00007ffd9804d000 	C:\WINDOWS\system32\msvcrt.dll
0x00007ffd970c0000 - 0x00007ffd9711b000 	C:\WINDOWS\system32\sechost.dll
0x00007ffd97c30000 - 0x00007ffd97d4c000 	C:\WINDOWS\system32\RPCRT4.dll
0x00007ffd97120000 - 0x00007ffd97276000 	C:\WINDOWS\system32\USER32.dll
0x00007ffd96ec0000 - 0x00007ffd97046000 	C:\WINDOWS\system32\GDI32.dll
0x00007ffd8e560000 - 0x00007ffd8e7d4000 	C:\WINDOWS\WinSxS\amd64_microsoft.windows.common-controls_6595b64144ccf1df_6.0.10586.494_none_a2d8b04ea53e3145\COMCTL32.dll
0x00007ffd972b0000 - 0x00007ffd9752d000 	C:\WINDOWS\system32\combase.dll
0x00007ffd949f0000 - 0x00007ffd94a5a000 	C:\WINDOWS\system32\bcryptPrimitives.dll
0x00007ffd957c0000 - 0x00007ffd957fb000 	C:\WINDOWS\system32\IMM32.DLL
0x0000000054ec0000 - 0x0000000054f92000 	C:\Program Files\Java\jdk1.8.0_73\jre\bin\msvcr100.dll
0x00000000554b0000 - 0x0000000055d40000 	C:\Program Files\Java\jdk1.8.0_73\jre\bin\server\jvm.dll
0x00007ffd953e0000 - 0x00007ffd95403000 	C:\WINDOWS\system32\WINMM.dll
0x00007ffd94790000 - 0x00007ffd947bc000 	C:\WINDOWS\system32\WINMMBASE.dll
0x00007ffd949a0000 - 0x00007ffd949e3000 	C:\WINDOWS\system32\cfgmgr32.dll
0x00007ffd955b0000 - 0x00007ffd955b8000 	C:\WINDOWS\system32\PSAPI.DLL
0x00007ffd8eac0000 - 0x00007ffd8eac9000 	C:\WINDOWS\SYSTEM32\WSOCK32.dll
0x00007ffd97f40000 - 0x00007ffd97fab000 	C:\WINDOWS\system32\WS2_32.dll
0x00007ffd8e8b0000 - 0x00007ffd8e8ba000 	C:\WINDOWS\SYSTEM32\VERSION.dll
0x00000000553c0000 - 0x00000000553cf000 	C:\Program Files\Java\jdk1.8.0_73\jre\bin\verify.dll
0x0000000055390000 - 0x00000000553b9000 	C:\Program Files\Java\jdk1.8.0_73\jre\bin\java.dll
0x0000000055370000 - 0x0000000055386000 	C:\Program Files\Java\jdk1.8.0_73\jre\bin\zip.dll
0x00007ffd95800000 - 0x00007ffd96d5c000 	C:\WINDOWS\system32\SHELL32.dll
0x00007ffd94c50000 - 0x00007ffd95295000 	C:\WINDOWS\system32\windows.storage.dll
0x00007ffd97a70000 - 0x00007ffd97ac2000 	C:\WINDOWS\system32\shlwapi.dll
0x00007ffd94780000 - 0x00007ffd9478f000 	C:\WINDOWS\system32\kernel.appcore.dll
0x00007ffd95430000 - 0x00007ffd954e5000 	C:\WINDOWS\system32\shcore.dll
0x00007ffd95390000 - 0x00007ffd953db000 	C:\WINDOWS\system32\powrprof.dll
0x00007ffd94760000 - 0x00007ffd94774000 	C:\WINDOWS\system32\profapi.dll

VM Arguments:
jvm_args: -Xmx1024M -Dfile.encoding=GBK -Duser.country=CN -Duser.language=zh -Duser.variant 
java_command: com.android.dx.command.Main --dex --output C:\Users\Administrator\AndroidStudioProjects\Beautyacticle-master\app\build\intermediates\pre-dexed\debug\classes-8af7dccac2bf5c58f8e7a234d25a9207d229c738.jar C:\Users\Administrator\AndroidStudioProjects\Beautyacticle-master\app\build\intermediates\exploded-aar\com.android.support\support-v4\22.2.1\jars\classes.jar
java_class_path (initial): F:\Android_Studio_SDK\build-tools\22.0.1\lib\dx.jar
Launcher Type: SUN_STANDARD

Environment Variables:
JAVA_HOME=C:\Program Files\Java\jdk1.8.0_73\
CLASSPATH=.;C:\Program Files\Java\jdk1.8.0_73\\lib\dt.jar;C:\Program Files\Java\jdk1.8.0_73\\lib\tools.jar;
PATH=C:\ProgramData\Oracle\Java\javapath;C:\WINDOWS\system32;C:\WINDOWS;C:\WINDOWS\System32\Wbem;C:\WINDOWS\System32\WindowsPowerShell\v1.0\;C:\Program Files\Java\jdk1.8.0_66\bin;C:\Program Files\Java\jdk1.8.0_66\jre\bin;C:\Python27;C:\Program Files (x86)\Microsoft SQL Server\90\Tools\binn\;C:\Users\Administrator\.dnx\bin;C:\Program Files\Microsoft DNX\Dnvm\;C:\Program Files\TortoiseSVN\bin;C:\Program Files (x86)\NVIDIA Corporation\PhysX\Common;E:\Android_Studio_SDK\platform-tools;E:\Android_Studio_SDK\tools\templates\gradle\wrapper\;C:\Program Files\Android\Android Studio\gradle\gradle-2.10\bin;C:\ProgramData\Oracle\Java\javapath;C:\WINDOWS\system32;C:\WINDOWS;C:\WINDOWS\System32\Wbem;C:\WINDOWS\System32\WindowsPowerShell\v1.0\;C:\Program Files\Java\jdk1.8.0_66\bin;C:\Program Files\Java\jdk1.8.0_66\jre\bin;C:\Program Files\TortoiseSVN\bin;C:\Python27;C:\Program Files (x86)\Microsoft SQL Server\90\Tools\binn\;C:\Users\Administrator\.dnx\bin;C:\Program Files\Microsoft DNX\Dnvm\;D:\GNUstep\GNUstep\System\Tools;D:\GNUstep\bin
USERNAME=Administrator
OS=Windows_NT
PROCESSOR_IDENTIFIER=Intel64 Family 6 Model 60 Stepping 3, GenuineIntel



---------------  S Y S T E M  ---------------

OS: Windows 10.0 , 64 bit Build 10586 (10.0.10586.0)

CPU:total 8 (4 cores per cpu, 2 threads per core) family 6 model 60 stepping 3, cmov, cx8, fxsr, mmx, sse, sse2, sse3, ssse3, sse4.1, sse4.2, popcnt, avx, avx2, aes, clmul, erms, lzcnt, ht, tsc, tscinvbit, bmi1, bmi2

Memory: 4k page, physical 8208440k(696028k free), swap 11878456k(5808k free)

vm_info: Java HotSpot(TM) 64-Bit Server VM (25.73-b02) for windows-amd64 JRE (1.8.0_73-b02), built on Jan 29 2016 17:38:49 by "java_re" with MS VC++ 10.0 (VS2010)

time: Tue Aug 23 16:24:37 2016
elapsed time: 12 seconds (0d 0h 0m 12s)

